################################################################################
# PkgEval set-up: 2021-01-11T22:39:54.79
#

Julia Version 1.5.3
Commit 599f52c4c6 (2020-12-18 13:33 UTC)
Platform Info:
  OS: Linux (x86_64-linux-gnu)
  CPU: AMD EPYC 7502 32-Core Processor
  WORD_SIZE: 64
  LIBM: libopenlibm
  LLVM: libLLVM-9.0.1 (ORCJIT, znver2)
Environment:
  JULIA_PKG_PRECOMPILE_AUTO = 0
  JULIA_PKGEVAL = true

Base.julia_cmd() = `/opt/julia/bin/julia -Cnative -J/opt/julia/lib/julia/sys.so -g1`


################################################################################
# Installation: 2021-01-11T22:39:56.616
#

 Installing known registries into `~/.julia`
######################################################################## 100.0%
      Added registry `General` to `~/.julia/registries/General`
  Resolving package versions...
  Installed CEnum ─── v0.3.0
  Installed CUDAdrv ─ v6.3.0
  Installed CUDAapi ─ v4.0.0
Updating `~/.julia/environments/v1.5/Project.toml`
  [c5f51814] + CUDAdrv v6.3.0
Updating `~/.julia/environments/v1.5/Manifest.toml`
  [fa961155] + CEnum v0.3.0
  [3895d2a7] + CUDAapi v4.0.0
  [c5f51814] + CUDAdrv v6.3.0
  [8f399da3] + Libdl
  [56ddb016] + Logging
  [de0858da] + Printf
  [4ec0a83e] + Unicode


################################################################################
# Testing: 2021-01-11T22:40:01.281
#

    Testing CUDAdrv
Status `/tmp/jl_a0JHNQ/Project.toml`
  [fa961155] CEnum v0.3.0
  [3895d2a7] CUDAapi v4.0.0
  [c5f51814] CUDAdrv v6.3.0
  [de0858da] Printf
  [8dfed614] Test
Status `/tmp/jl_a0JHNQ/Manifest.toml`
  [fa961155] CEnum v0.3.0
  [3895d2a7] CUDAapi v4.0.0
  [c5f51814] CUDAdrv v6.3.0
  [2a0f44e3] Base64
  [8ba89e20] Distributed
  [b77e0a4c] InteractiveUtils
  [8f399da3] Libdl
  [56ddb016] Logging
  [d6f4376e] Markdown
  [de0858da] Printf
  [9a3f8284] Random
  [9e88b42a] Serialization
  [6462fe0b] Sockets
  [8dfed614] Test
  [4ec0a83e] Unicode
┌ Error: Could not initialize CUDA
│   exception =
│    could not load library "libcuda"
│    libcuda.so: cannot open shared object file: No such file or directory
│    Stacktrace:
│     [1] dlopen(::String, ::UInt32; throw_error::Bool) at /workspace/srcdir/usr/share/julia/stdlib/v1.5/Libdl/src/Libdl.jl:109
│     [2] dlopen at /workspace/srcdir/usr/share/julia/stdlib/v1.5/Libdl/src/Libdl.jl:109 [inlined]
│     [3] #dlopen#2 at /workspace/srcdir/usr/share/julia/stdlib/v1.5/Libdl/src/Libdl.jl:105 [inlined]
│     [4] dlopen at /workspace/srcdir/usr/share/julia/stdlib/v1.5/Libdl/src/Libdl.jl:105 [inlined] (repeats 2 times)
│     [5] (::CUDAdrv.var"#2705#cache_fptr!#583")() at /home/pkgeval/.julia/packages/CUDAapi/XuSHC/src/call.jl:31
│     [6] macro expansion at /home/pkgeval/.julia/packages/CUDAapi/XuSHC/src/call.jl:39 [inlined]
│     [7] __configure__(::Bool) at /home/pkgeval/.julia/packages/CUDAdrv/Uc14X/src/CUDAdrv.jl:101
│     [8] (::CUDAdrv.var"#581#582"{Bool})() at /home/pkgeval/.julia/packages/CUDAdrv/Uc14X/src/CUDAdrv.jl:66
│     [9] lock(::CUDAdrv.var"#581#582"{Bool}, ::ReentrantLock) at ./lock.jl:161
│     [10] _functional(::Bool) at /home/pkgeval/.julia/packages/CUDAdrv/Uc14X/src/CUDAdrv.jl:63
│     [11] functional(::Bool) at /home/pkgeval/.julia/packages/CUDAdrv/Uc14X/src/CUDAdrv.jl:56
│     [12] top-level scope at /home/pkgeval/.julia/packages/CUDAdrv/Uc14X/test/runtests.jl:12
│     [13] top-level scope at /workspace/srcdir/usr/share/julia/stdlib/v1.5/Test/src/Test.jl:1115
│     [14] top-level scope at /home/pkgeval/.julia/packages/CUDAdrv/Uc14X/test/runtests.jl:7
│     [15] include(::String) at ./client.jl:457
│     [16] top-level scope at none:6
│     [17] eval(::Module, ::Any) at ./boot.jl:331
│     [18] exec_options(::Base.JLOptions) at ./client.jl:272
│     [19] _start() at ./client.jl:506
└ @ CUDAdrv ~/.julia/packages/CUDAdrv/Uc14X/src/CUDAdrv.jl:108
CUDAdrv: Test Failed at /home/pkgeval/.julia/packages/CUDAdrv/Uc14X/test/runtests.jl:12
  Expression: CUDAdrv.functional(true)
Stacktrace:
 [1] top-level scope at /home/pkgeval/.julia/packages/CUDAdrv/Uc14X/test/runtests.jl:12
 [2] top-level scope at /workspace/srcdir/usr/share/julia/stdlib/v1.5/Test/src/Test.jl:1115
 [3] top-level scope at /home/pkgeval/.julia/packages/CUDAdrv/Uc14X/test/runtests.jl:7
CUDAdrv: Error During Test at /home/pkgeval/.julia/packages/CUDAdrv/Uc14X/test/runtests.jl:14
  Test threw exception
  Expression: length(devices()) > 0
  AssertionError: CUDAdrv.jl did not successfully initialize, and is not usable.
  Stacktrace:
   [1] libcuda at /home/pkgeval/.julia/packages/CUDAdrv/Uc14X/src/CUDAdrv.jl:82 [inlined]
   [2] (::CUDAdrv.var"#626#cache_fptr!#11")() at /home/pkgeval/.julia/packages/CUDAapi/XuSHC/src/call.jl:31
   [3] macro expansion at /home/pkgeval/.julia/packages/CUDAapi/XuSHC/src/call.jl:39 [inlined]
   [4] macro expansion at /home/pkgeval/.julia/packages/CUDAdrv/Uc14X/src/libcuda.jl:36 [inlined]
   [5] macro expansion at /home/pkgeval/.julia/packages/CUDAdrv/Uc14X/src/error.jl:110 [inlined]
   [6] cuDeviceGetCount at /home/pkgeval/.julia/packages/CUDAapi/XuSHC/src/call.jl:93 [inlined]
   [7] length(::CUDAdrv.DeviceSet) at /home/pkgeval/.julia/packages/CUDAdrv/Uc14X/src/devices.jl:105
   [8] top-level scope at /home/pkgeval/.julia/packages/CUDAdrv/Uc14X/test/runtests.jl:14
   [9] top-level scope at /workspace/srcdir/usr/share/julia/stdlib/v1.5/Test/src/Test.jl:1115
   [10] top-level scope at /home/pkgeval/.julia/packages/CUDAdrv/Uc14X/test/runtests.jl:7
  
CUDAdrv: Error During Test at /home/pkgeval/.julia/packages/CUDAdrv/Uc14X/test/runtests.jl:5
  Got exception outside of a @test
  AssertionError: CUDAdrv.jl did not successfully initialize, and is not usable.
  Stacktrace:
   [1] libcuda at /home/pkgeval/.julia/packages/CUDAdrv/Uc14X/src/CUDAdrv.jl:82 [inlined]
   [2] (::CUDAdrv.var"#626#cache_fptr!#11")() at /home/pkgeval/.julia/packages/CUDAapi/XuSHC/src/call.jl:31
   [3] macro expansion at /home/pkgeval/.julia/packages/CUDAapi/XuSHC/src/call.jl:39 [inlined]
   [4] macro expansion at /home/pkgeval/.julia/packages/CUDAdrv/Uc14X/src/libcuda.jl:36 [inlined]
   [5] macro expansion at /home/pkgeval/.julia/packages/CUDAdrv/Uc14X/src/error.jl:110 [inlined]
   [6] cuDeviceGetCount at /home/pkgeval/.julia/packages/CUDAapi/XuSHC/src/call.jl:93 [inlined]
   [7] length(::CUDAdrv.DeviceSet) at /home/pkgeval/.julia/packages/CUDAdrv/Uc14X/src/devices.jl:105
   [8] top-level scope at /home/pkgeval/.julia/packages/CUDAdrv/Uc14X/test/runtests.jl:15
   [9] top-level scope at /workspace/srcdir/usr/share/julia/stdlib/v1.5/Test/src/Test.jl:1115
   [10] top-level scope at /home/pkgeval/.julia/packages/CUDAdrv/Uc14X/test/runtests.jl:7
   [11] include(::String) at ./client.jl:457
   [12] top-level scope at none:6
   [13] eval(::Module, ::Any) at ./boot.jl:331
   [14] exec_options(::Base.JLOptions) at ./client.jl:272
   [15] _start() at ./client.jl:506
  
Test Summary: | Pass  Fail  Error  Total
CUDAdrv       |   10     1      2     13
  pointer     |    7                   7
ERROR: LoadError: Some tests did not pass: 10 passed, 1 failed, 2 errored, 0 broken.
in expression starting at /home/pkgeval/.julia/packages/CUDAdrv/Uc14X/test/runtests.jl:5

PkgEval failed: Package CUDAdrv errored during testing
Stacktrace:
 [1] pkgerror(::String) at /workspace/srcdir/usr/share/julia/stdlib/v1.5/Pkg/src/Types.jl:52
 [2] test(::Pkg.Types.Context, ::Array{Pkg.Types.PackageSpec,1}; coverage::Bool, julia_args::Cmd, test_args::Cmd, test_fn::Nothing) at /workspace/srcdir/usr/share/julia/stdlib/v1.5/Pkg/src/Operations.jl:1578
 [3] test(::Pkg.Types.Context, ::Array{Pkg.Types.PackageSpec,1}; coverage::Bool, test_fn::Nothing, julia_args::Cmd, test_args::Cmd, kwargs::Base.Iterators.Pairs{Union{},Union{},Tuple{},NamedTuple{(),Tuple{}}}) at /workspace/srcdir/usr/share/julia/stdlib/v1.5/Pkg/src/API.jl:327
 [4] test(::Pkg.Types.Context, ::Array{Pkg.Types.PackageSpec,1}) at /workspace/srcdir/usr/share/julia/stdlib/v1.5/Pkg/src/API.jl:314
 [5] #test#61 at /workspace/srcdir/usr/share/julia/stdlib/v1.5/Pkg/src/API.jl:67 [inlined]
 [6] test at /workspace/srcdir/usr/share/julia/stdlib/v1.5/Pkg/src/API.jl:67 [inlined]
 [7] #test#60 at /workspace/srcdir/usr/share/julia/stdlib/v1.5/Pkg/src/API.jl:66 [inlined]
 [8] test at /workspace/srcdir/usr/share/julia/stdlib/v1.5/Pkg/src/API.jl:66 [inlined]
 [9] test(::String; kwargs::Base.Iterators.Pairs{Union{},Union{},Tuple{},NamedTuple{(),Tuple{}}}) at /workspace/srcdir/usr/share/julia/stdlib/v1.5/Pkg/src/API.jl:65
 [10] test(::String) at /workspace/srcdir/usr/share/julia/stdlib/v1.5/Pkg/src/API.jl:65
 [11] top-level scope at none:22
 [12] eval at ./boot.jl:331 [inlined]
 [13] eval(::Expr) at ./client.jl:467
 [14] top-level scope at none:1
 [15] eval(::Module, ::Any) at ./boot.jl:331
 [16] exec_options(::Base.JLOptions) at ./client.jl:272
 [17] _start() at ./client.jl:506


################################################################################
# PkgEval teardown: 2021-01-11T22:40:15.373
CPU usage: 20.63s (17.97s user, 2.72s kernel)

Network usage:
- eth0: 2.694 MiB received, 39.299 KiB sent

Raw statistics: {"blkio_stats":{"io_queue_recursive":[],"io_serviced_recursive":[{"major":259,"value":0,"op":"Read","minor":0},{"major":259,"value":24,"op":"Write","minor":0},{"major":259,"value":19,"op":"Sync","minor":0},{"major":259,"value":5,"op":"Async","minor":0},{"major":259,"value":0,"op":"Discard","minor":0},{"major":259,"value":24,"op":"Total","minor":0},{"major":253,"value":0,"op":"Read","minor":2},{"major":253,"value":24,"op":"Write","minor":2},{"major":253,"value":19,"op":"Sync","minor":2},{"major":253,"value":5,"op":"Async","minor":2},{"major":253,"value":0,"op":"Discard","minor":2},{"major":253,"value":24,"op":"Total","minor":2}],"io_time_recursive":[],"sectors_recursive":[],"io_service_bytes_recursive":[{"major":259,"value":0,"op":"Read","minor":0},{"major":259,"value":126976,"op":"Write","minor":0},{"major":259,"value":106496,"op":"Sync","minor":0},{"major":259,"value":20480,"op":"Async","minor":0},{"major":259,"value":0,"op":"Discard","minor":0},{"major":259,"value":126976,"op":"Total","minor":0},{"major":253,"value":0,"op":"Read","minor":2},{"major":253,"value":126976,"op":"Write","minor":2},{"major":253,"value":106496,"op":"Sync","minor":2},{"major":253,"value":20480,"op":"Async","minor":2},{"major":253,"value":0,"op":"Discard","minor":2},{"major":253,"value":126976,"op":"Total","minor":2}],"io_wait_time_recursive":[],"io_merged_recursive":[],"io_service_time_recursive":[]},"memory_stats":{"usage":310513664,"max_usage":718528512,"stats":{"hierarchical_memory_limit":9223372036854771712,"pgmajfault":0,"total_rss":199041024,"inactive_file":135168,"inactive_anon":79208448,"total_pgfault":469293,"total_cache":81739776,"total_rss_huge":0,"total_active_anon":201535488,"total_pgmajfault":0,"pgpgin":296736,"rss_huge":0,"mapped_file":0,"total_inactive_file":135168,"dirty":270336,"total_unevictable":0,"total_dirty":270336,"writeback":0,"pgpgout":228171,"hierarchical_memsw_limit":0,"cache":81739776,"active_file":135168,"pgfault":469293,"total_mapped_file":0,"total_pgpgout":228171,"total_writeback":0,"rss":199041024,"unevictable":0,"total_inactive_anon":79208448,"total_pgpgin":296736,"active_anon":201535488,"total_active_file":135168},"limit":540965302272},"name":"/CUDAdrv-6w7AF8i4","networks":{"eth0":{"rx_bytes":2825322,"rx_packets":380,"tx_packets":394,"tx_bytes":40242,"tx_dropped":0,"rx_dropped":1,"tx_errors":0,"rx_errors":0}},"id":"fce3e97f238ba03c7933763ea5e05ccbf00a14549f0512c44775ec01c1601629","preread":"0001-01-01T00:00:00Z","storage_stats":{},"precpu_stats":{"throttling_data":{"throttled_periods":0,"throttled_time":0,"periods":0},"cpu_usage":{"usage_in_usermode":0,"usage_in_kernelmode":0,"total_usage":0}},"pids_stats":{"current":40},"num_procs":0,"cpu_stats":{"throttling_data":{"throttled_periods":0,"throttled_time":0,"periods":0},"system_cpu_usage":6507783834522419,"online_cpus":128,"cpu_usage":{"usage_in_usermode":17970000000,"usage_in_kernelmode":2720000000,"total_usage":20627058640,"percpu_usage":[0,0,0,0,0,0,0,20627055640,0,0,0,0,0,0,0,0,0,0,0,0,0,0,0,0,0,0,0,0,0,0,0,0,0,0,0,0,0,0,0,0,0,0,0,0,0,0,0,0,0,0,0,0,0,0,0,0,0,0,0,0,0,0,0,0,0,0,0,0,3000,0,0,0,0,0,0,0,0,0,0,0,0,0,0,0,0,0,0,0,0,0,0,0,0,0,0,0,0,0,0,0,0,0,0,0,0,0,0,0,0,0,0,0,0,0,0,0,0,0,0,0,0,0,0,0,0,0,0,0]}},"read":"2021-01-11T22:40:15.375701456Z"}