################################################################################
# PkgEval set-up: 2021-01-11T15:27:48.346
#

Julia Version 1.5.3
Commit 599f52c4c6 (2020-12-18 13:33 UTC)
Platform Info:
  OS: Linux (x86_64-linux-gnu)
  CPU: AMD EPYC 7502 32-Core Processor
  WORD_SIZE: 64
  LIBM: libopenlibm
  LLVM: libLLVM-9.0.1 (ORCJIT, znver2)
Environment:
  JULIA_PKG_PRECOMPILE_AUTO = 0
  JULIA_PKGEVAL = true

Base.julia_cmd() = `/opt/julia/bin/julia -Cnative -J/opt/julia/lib/julia/sys.so -g1`


################################################################################
# Installation: 2021-01-11T15:27:50.174
#

 Installing known registries into `~/.julia`
######################################################################## 100.0%
      Added registry `General` to `~/.julia/registries/General`
  Resolving package versions...
  Installed CompilerSupportLibraries_jll ─ v0.3.4+0
  Installed MPICH_jll ──────────────────── v3.3.2+10
  Installed Strided ────────────────────── v1.1.1
  Installed Requires ───────────────────── v1.1.2
  Installed TupleTools ─────────────────── v1.2.0
  Installed Devito ─────────────────────── v0.1.0
  Installed MacroTools ─────────────────── v0.5.6
  Installed JLLWrappers ────────────────── v1.2.0
  Installed Conda ──────────────────────── v1.5.0
  Installed MPI ────────────────────────── v0.15.1
  Installed VersionParsing ─────────────── v1.2.0
  Installed OpenMPI_jll ────────────────── v4.0.2+2
  Installed MicrosoftMPI_jll ───────────── v10.1.2+3
  Installed PyCall ─────────────────────── v1.92.2
  Installed JSON ───────────────────────── v0.21.1
  Installed DocStringExtensions ────────── v0.8.3
  Installed Parsers ────────────────────── v1.0.15
  Installed Artifacts ──────────────────── v1.3.0
Updating `~/.julia/environments/v1.5/Project.toml`
  [06ed14b1] + Devito v0.1.0
Updating `~/.julia/environments/v1.5/Manifest.toml`
  [56f22d72] + Artifacts v1.3.0
  [e66e0078] + CompilerSupportLibraries_jll v0.3.4+0
  [8f4d0f93] + Conda v1.5.0
  [06ed14b1] + Devito v0.1.0
  [ffbed154] + DocStringExtensions v0.8.3
  [692b3bcd] + JLLWrappers v1.2.0
  [682c06a0] + JSON v0.21.1
  [da04e1cc] + MPI v0.15.1
  [7cb0a576] + MPICH_jll v3.3.2+10
  [1914dd2f] + MacroTools v0.5.6
  [9237b28f] + MicrosoftMPI_jll v10.1.2+3
  [fe0851c0] + OpenMPI_jll v4.0.2+2
  [69de0a69] + Parsers v1.0.15
  [438e738f] + PyCall v1.92.2
  [ae029012] + Requires v1.1.2
  [5e0ebb24] + Strided v1.1.1
  [9d95972d] + TupleTools v1.2.0
  [81def892] + VersionParsing v1.2.0
  [2a0f44e3] + Base64
  [ade2ca70] + Dates
  [8ba89e20] + Distributed
  [b77e0a4c] + InteractiveUtils
  [76f85450] + LibGit2
  [8f399da3] + Libdl
  [37e2e46d] + LinearAlgebra
  [56ddb016] + Logging
  [d6f4376e] + Markdown
  [a63ad114] + Mmap
  [44cfe95a] + Pkg
  [de0858da] + Printf
  [3fa0cd96] + REPL
  [9a3f8284] + Random
  [ea8e919c] + SHA
  [9e88b42a] + Serialization
  [6462fe0b] + Sockets
  [8dfed614] + Test
  [cf7118a7] + UUIDs
  [4ec0a83e] + Unicode
   Building MPI ───→ `~/.julia/packages/MPI/z1lDn/deps/build.log`
   Building Conda ─→ `~/.julia/packages/Conda/x5ml4/deps/build.log`
   Building PyCall → `~/.julia/packages/PyCall/tqyST/deps/build.log`
   Building Devito → `~/.julia/packages/Devito/20atZ/deps/build.log`
┌ Error: Error building `Devito`: 
│ Collecting package metadata (current_repodata.json): ...working... done
│ Solving environment: ...working... done
│ 
│ # All requested packages already installed.
│ 
│ Collecting git+https://github.com/devitocodes/devito.git
│   Cloning https://github.com/devitocodes/devito.git to /tmp/pip-req-build-5bpmvsv5
│ Requirement already satisfied: pip>=9.0.1 in /home/pkgeval/.julia/conda/3/lib/python3.8/site-packages (from devito==4.2.3+576.g559675966) (20.3.3)
│ Requirement already satisfied: numpy>1.16 in /home/pkgeval/.julia/conda/3/lib/python3.8/site-packages (from devito==4.2.3+576.g559675966) (1.19.2)
│ Collecting anytree>=2.4.3
│   Downloading anytree-2.8.0-py2.py3-none-any.whl (41 kB)
│ Requirement already satisfied: six>=1.9.0 in /home/pkgeval/.julia/conda/3/lib/python3.8/site-packages (from anytree>=2.4.3->devito==4.2.3+576.g559675966) (1.15.0)
│ Collecting cgen>=2020.1
│   Downloading cgen-2020.1.tar.gz (19 kB)
│ Collecting codepy>=2019.1
│   Downloading codepy-2019.1.tar.gz (24 kB)
│ Collecting appdirs>=1.4.0
│   Downloading appdirs-1.4.4-py2.py3-none-any.whl (9.6 kB)
│ Collecting distributed<2020.13
│   Downloading distributed-2020.12.0-py3-none-any.whl (669 kB)
│ Requirement already satisfied: setuptools in /home/pkgeval/.julia/conda/3/lib/python3.8/site-packages (from distributed<2020.13->devito==4.2.3+576.g559675966) (51.1.2.post20210110)
│ Collecting click
│   Downloading click-7.1.2-py2.py3-none-any.whl (82 kB)
│ Collecting cloudpickle>=1.5.0
│   Downloading cloudpickle-1.6.0-py3-none-any.whl (23 kB)
│ Collecting dask>=2020.12.0
│   Downloading dask-2020.12.0-py3-none-any.whl (884 kB)
│ Collecting flake8>=2.1.0
│   Downloading flake8-3.8.4-py2.py3-none-any.whl (72 kB)
│ Collecting mccabe<0.7.0,>=0.6.0
│   Downloading mccabe-0.6.1-py2.py3-none-any.whl (8.6 kB)
│ Collecting msgpack>=0.6.0
│   Downloading msgpack-1.0.2-cp38-cp38-manylinux1_x86_64.whl (302 kB)
│ Collecting psutil>=5.1.0
│   Downloading psutil-5.8.0-cp38-cp38-manylinux2010_x86_64.whl (296 kB)
│ Collecting pycodestyle<2.7.0,>=2.6.0a1
│   Downloading pycodestyle-2.6.0-py2.py3-none-any.whl (41 kB)
│ Collecting pyflakes<2.3.0,>=2.2.0
│   Downloading pyflakes-2.2.0-py2.py3-none-any.whl (66 kB)
│ Collecting pyrevolve>=2.1.3
│   Downloading pyrevolve-2.2.tar.gz (191 kB)
│ Collecting pytest<7.0,>=3.6
│   Downloading pytest-6.2.1-py3-none-any.whl (279 kB)
│ Collecting attrs>=19.2.0
│   Downloading attrs-20.3.0-py2.py3-none-any.whl (49 kB)
│ Collecting pluggy<1.0.0a1,>=0.12
│   Downloading pluggy-0.13.1-py2.py3-none-any.whl (18 kB)
│ Collecting py>=1.8.2
│   Downloading py-1.10.0-py2.py3-none-any.whl (97 kB)
│ Collecting pytools>=2015.1.2
│   Downloading pytools-2021.1.tar.gz (62 kB)
│ Collecting decorator>=3.2.0
│   Downloading decorator-4.4.2-py2.py3-none-any.whl (9.2 kB)
│ Collecting sortedcontainers!=2.0.0,!=2.0.1
│   Downloading sortedcontainers-2.3.0-py2.py3-none-any.whl (29 kB)
│ Collecting sympy<1.6
│   Downloading sympy-1.5.1-py2.py3-none-any.whl (5.6 MB)
│ Collecting mpmath>=0.19
│   Downloading mpmath-1.1.0.tar.gz (512 kB)
│ Collecting tblib>=1.6.0
│   Downloading tblib-1.7.0-py2.py3-none-any.whl (12 kB)
│ Collecting toolz>=0.8.2
│   Downloading toolz-0.11.1-py3-none-any.whl (55 kB)
│ Collecting tornado>=6.0.3
│   Downloading tornado-6.1-cp38-cp38-manylinux2010_x86_64.whl (427 kB)
│ Collecting zict>=0.1.3
│   Downloading zict-2.0.0-py3-none-any.whl (10 kB)
│ Collecting cached-property
│   Downloading cached_property-1.5.2-py2.py3-none-any.whl (7.6 kB)
│ Collecting codecov
│   Downloading codecov-2.1.11-py2.py3-none-any.whl (16 kB)
│ Requirement already satisfied: requests>=2.7.9 in /home/pkgeval/.julia/conda/3/lib/python3.8/site-packages (from codecov->devito==4.2.3+576.g559675966) (2.25.1)
│ Requirement already satisfied: chardet<5,>=3.0.2 in /home/pkgeval/.julia/conda/3/lib/python3.8/site-packages (from requests>=2.7.9->codecov->devito==4.2.3+576.g559675966) (4.0.0)
│ Requirement already satisfied: certifi>=2017.4.17 in /home/pkgeval/.julia/conda/3/lib/python3.8/site-packages (from requests>=2.7.9->codecov->devito==4.2.3+576.g559675966) (2020.12.5)
│ Requirement already satisfied: urllib3<1.27,>=1.21.1 in /home/pkgeval/.julia/conda/3/lib/python3.8/site-packages (from requests>=2.7.9->codecov->devito==4.2.3+576.g559675966) (1.26.2)
│ Requirement already satisfied: idna<3,>=2.5 in /home/pkgeval/.julia/conda/3/lib/python3.8/site-packages (from requests>=2.7.9->codecov->devito==4.2.3+576.g559675966) (2.10)
│ Collecting contexttimer
│   Downloading contexttimer-0.3.3.tar.gz (4.9 kB)
│ Collecting coverage
│   Downloading coverage-5.3.1-cp38-cp38-manylinux2010_x86_64.whl (245 kB)
│ Collecting heapdict
│   Downloading HeapDict-1.0.1-py3-none-any.whl (3.9 kB)
│ Collecting iniconfig
│   Downloading iniconfig-1.1.1-py2.py3-none-any.whl (5.0 kB)
│ Collecting multidict
│   Downloading multidict-5.1.0-cp38-cp38-manylinux2014_x86_64.whl (159 kB)
│ Collecting nbval
│   Downloading nbval-0.9.6-py2.py3-none-any.whl (23 kB)
│ Collecting ipykernel
│   Downloading ipykernel-5.4.2-py3-none-any.whl (119 kB)
│ Collecting ipython>=5.0.0
│   Downloading ipython-7.19.0-py3-none-any.whl (784 kB)
│ Collecting jedi>=0.10
│   Downloading jedi-0.18.0-py2.py3-none-any.whl (1.4 MB)
│ Collecting parso<0.9.0,>=0.8.0
│   Downloading parso-0.8.1-py2.py3-none-any.whl (93 kB)
│ Collecting pexpect>4.3
│   Downloading pexpect-4.8.0-py2.py3-none-any.whl (59 kB)
│ Collecting prompt-toolkit!=3.0.0,!=3.0.1,<3.1.0,>=2.0.0
│   Downloading prompt_toolkit-3.0.10-py3-none-any.whl (355 kB)
│ Collecting ptyprocess>=0.5
│   Downloading ptyprocess-0.7.0-py2.py3-none-any.whl (13 kB)
│ Collecting traitlets>=4.1.0
│   Downloading traitlets-5.0.5-py3-none-any.whl (100 kB)
│ Collecting backcall
│   Downloading backcall-0.2.0-py2.py3-none-any.whl (11 kB)
│ Collecting ipython-genutils
│   Downloading ipython_genutils-0.2.0-py2.py3-none-any.whl (26 kB)
│ Collecting jupyter-client
│   Downloading jupyter_client-6.1.11-py3-none-any.whl (108 kB)
│ Collecting jupyter-core>=4.6.0
│   Downloading jupyter_core-4.7.0-py3-none-any.whl (82 kB)
│ Collecting python-dateutil>=2.1
│   Downloading python_dateutil-2.8.1-py2.py3-none-any.whl (227 kB)
│ Collecting pyzmq>=13
│   Downloading pyzmq-20.0.0-cp38-cp38-manylinux1_x86_64.whl (1.1 MB)
│ Collecting nbformat
│   Downloading nbformat-5.0.8-py3-none-any.whl (172 kB)
│ Collecting jsonschema!=2.5.0,>=2.4
│   Downloading jsonschema-3.2.0-py2.py3-none-any.whl (56 kB)
│ Collecting pyrsistent>=0.14.0
│   Downloading pyrsistent-0.17.3.tar.gz (106 kB)
│ Collecting packaging
│   Downloading packaging-20.8-py2.py3-none-any.whl (39 kB)
│ Collecting pyparsing>=2.0.2
│   Downloading pyparsing-2.4.7-py2.py3-none-any.whl (67 kB)
│ Collecting pickleshare
│   Downloading pickleshare-0.7.5-py2.py3-none-any.whl (6.9 kB)
│ Collecting py-cpuinfo
│   Downloading py-cpuinfo-7.0.0.tar.gz (95 kB)
│ Collecting pygments
│   Downloading Pygments-2.7.3-py3-none-any.whl (950 kB)
│ Collecting pytest-cov
│   Downloading pytest_cov-2.10.1-py2.py3-none-any.whl (19 kB)
│ Collecting pytest-runner
│   Downloading pytest_runner-5.2-py2.py3-none-any.whl (6.8 kB)
│ Collecting pyyaml
│   Downloading PyYAML-5.3.1.tar.gz (269 kB)
│ Collecting scipy
│   Downloading scipy-1.6.0-cp38-cp38-manylinux1_x86_64.whl (27.2 MB)
│ Collecting toml
│   Downloading toml-0.10.2-py2.py3-none-any.whl (16 kB)
│ Collecting wcwidth
│   Downloading wcwidth-0.2.5-py2.py3-none-any.whl (30 kB)
│ Building wheels for collected packages: devito, cgen, codepy, pyrevolve, pytools, mpmath, contexttimer, pyrsistent, py-cpuinfo, pyyaml
│   Building wheel for devito (setup.py): started
│   Building wheel for devito (setup.py): finished with status 'done'
│   Created wheel for devito: filename=devito-4.2.3+576.g559675966-py3-none-any.whl size=429584 sha256=57cd3f2a219414cc931b06f38e70e57235774617a56b57d49458ad85da97465f
│   Stored in directory: /tmp/pip-ephem-wheel-cache-_xwuw4ou/wheels/18/38/2f/35f2aae0f3834b01341cd9272b43d4cf778e6f228808cf31b0
│   Building wheel for cgen (setup.py): started
│   Building wheel for cgen (setup.py): finished with status 'done'
│   Created wheel for cgen: filename=cgen-2020.1-py3-none-any.whl size=15824 sha256=0ab654dec529cb6d250a9978dc706b3ba04488ea8305f53d7227f80988df0d7c
│   Stored in directory: /home/pkgeval/.cache/pip/wheels/f1/7c/34/5ea06ad75758a23a959da1268dad81f7e1191b424fb4318dd2
│   Building wheel for codepy (setup.py): started
│   Building wheel for codepy (setup.py): finished with status 'done'
│   Created wheel for codepy: filename=codepy-2019.1-py3-none-any.whl size=19313 sha256=e38acde27e3c6d749d628e2090e2c9e277cd182ee434499b66a8f03a4a844d28
│   Stored in directory: /home/pkgeval/.cache/pip/wheels/42/1f/3f/8c9d6eff98b2bacbf45771a1764eb26881c2d88c5d4e0ec75d
│   Building wheel for pyrevolve (setup.py): started
│   Building wheel for pyrevolve (setup.py): finished with status 'done'
│   Created wheel for pyrevolve: filename=pyrevolve-2.2-cp38-cp38-linux_x86_64.whl size=352349 sha256=6935f74629c9682232917709c4864f38cd288db36600b4619961134458e8cf05
│   Stored in directory: /home/pkgeval/.cache/pip/wheels/a6/f0/f9/a7cce2ae7bb69c398c146b9aaa38f3837abee3f63094297218
│   Building wheel for pytools (setup.py): started
│   Building wheel for pytools (setup.py): finished with status 'done'
│   Created wheel for pytools: filename=pytools-2021.1-py2.py3-none-any.whl size=60415 sha256=d2031a5068ee34c3480bf2251c93ebe4d2a8215b789c72ee93ded00cb9b17a54
│   Stored in directory: /home/pkgeval/.cache/pip/wheels/3a/68/c0/653858a3c98c0c7ab324d3bd5da35a903fac36f512765a8138
│   Building wheel for mpmath (setup.py): started
│   Building wheel for mpmath (setup.py): finished with status 'done'
│   Created wheel for mpmath: filename=mpmath-1.1.0-py3-none-any.whl size=532239 sha256=03bd62bb5f69679b91b1d78532247d712e216d7ba1d44a12cc6a4d9e3d5d0989
│   Stored in directory: /home/pkgeval/.cache/pip/wheels/29/2c/1c/d2e4580cde2743b0aef389e936ac21a2db92921ddbca53faa1
│   Building wheel for contexttimer (setup.py): started
│   Building wheel for contexttimer (setup.py): finished with status 'done'
│   Created wheel for contexttimer: filename=contexttimer-0.3.3-py3-none-any.whl size=5818 sha256=85379787b01de495790ff9fb6b51fb79fa44194f5a088c14f406b62ed286fcb8
│   Stored in directory: /home/pkgeval/.cache/pip/wheels/70/dd/09/4924e45dc5912f71b971b6790958b5e82f88c9db95a7cb4969
│   Building wheel for pyrsistent (setup.py): started
│   Building wheel for pyrsistent (setup.py): finished with status 'done'
│   Created wheel for pyrsistent: filename=pyrsistent-0.17.3-cp38-cp38-linux_x86_64.whl size=132320 sha256=4976ff9a7576c88fe6e0d99f92c39ee200e2654230b1393a98f967062f394521
│   Stored in directory: /home/pkgeval/.cache/pip/wheels/3d/22/08/7042eb6309c650c7b53615d5df5cc61f1ea9680e7edd3a08d2
│   Building wheel for py-cpuinfo (setup.py): started
│   Building wheel for py-cpuinfo (setup.py): finished with status 'done'
│   Created wheel for py-cpuinfo: filename=py_cpuinfo-7.0.0-py3-none-any.whl size=20070 sha256=f39766c5a1f15fce0f70d91297491f08531d43af348bc78f86314fb31b129645
│   Stored in directory: /home/pkgeval/.cache/pip/wheels/b4/99/9f/8eb77fdf759c1380719071722f2c37dd0fa1f6aa477c51cb6c
│   Building wheel for pyyaml (setup.py): started
│   Building wheel for pyyaml (setup.py): finished with status 'done'
│   Created wheel for pyyaml: filename=PyYAML-5.3.1-cp38-cp38-linux_x86_64.whl size=44618 sha256=f5d6218dd403a7913b3ee907aff03cfa563f6feabced59356f25c25a0fc519db
│   Stored in directory: /home/pkgeval/.cache/pip/wheels/13/90/db/290ab3a34f2ef0b5a0f89235dc2d40fea83e77de84ed2dc05c
│ Successfully built devito cgen codepy pyrevolve pytools mpmath contexttimer pyrsistent py-cpuinfo pyyaml
│ Installing collected packages: ipython-genutils, wcwidth, traitlets, ptyprocess, parso, tornado, pyzmq, python-dateutil, pyrsistent, pyparsing, pygments, prompt-toolkit, pickleshare, pexpect, jupyter-core, jedi, decorator, backcall, attrs, appdirs, toml, pyyaml, pytools, py, pluggy, packaging, jupyter-client, jsonschema, ipython, iniconfig, heapdict, zict, toolz, tblib, sortedcontainers, pytest, pyflakes, pycodestyle, psutil, nbformat, msgpack, mpmath, mccabe, ipykernel, dask, coverage, contexttimer, cloudpickle, click, cgen, sympy, scipy, pytest-runner, pytest-cov, pyrevolve, py-cpuinfo, nbval, multidict, flake8, distributed, codepy, codecov, cached-property, anytree, devito
│ Successfully installed anytree-2.8.0 appdirs-1.4.4 attrs-20.3.0 backcall-0.2.0 cached-property-1.5.2 cgen-2020.1 click-7.1.2 cloudpickle-1.6.0 codecov-2.1.11 codepy-2019.1 contexttimer-0.3.3 coverage-5.3.1 dask-2020.12.0 decorator-4.4.2 devito-4.2.3+576.g559675966 distributed-2020.12.0 flake8-3.8.4 heapdict-1.0.1 iniconfig-1.1.1 ipykernel-5.4.2 ipython-7.19.0 ipython-genutils-0.2.0 jedi-0.18.0 jsonschema-3.2.0 jupyter-client-6.1.11 jupyter-core-4.7.0 mccabe-0.6.1 mpmath-1.1.0 msgpack-1.0.2 multidict-5.1.0 nbformat-5.0.8 nbval-0.9.6 packaging-20.8 parso-0.8.1 pexpect-4.8.0 pickleshare-0.7.5 pluggy-0.13.1 prompt-toolkit-3.0.10 psutil-5.8.0 ptyprocess-0.7.0 py-1.10.0 py-cpuinfo-7.0.0 pycodestyle-2.6.0 pyflakes-2.2.0 pygments-2.7.3 pyparsing-2.4.7 pyrevolve-2.2 pyrsistent-0.17.3 pytest-6.2.1 pytest-cov-2.10.1 pytest-runner-5.2 python-dateutil-2.8.1 pytools-2021.1 pyyaml-5.3.1 pyzmq-20.0.0 scipy-1.6.0 sortedcontainers-2.3.0 sympy-1.5.1 tblib-1.7.0 toml-0.10.2 toolz-0.11.1 tornado-6.1 traitlets-5.0.5 wcwidth-0.2.5 zict-2.0.0
│ Collecting mpi4py
│   Downloading mpi4py-3.0.3.tar.gz (1.4 MB)
│ Building wheels for collected packages: mpi4py
│   Building wheel for mpi4py (setup.py): started
│   Building wheel for mpi4py (setup.py): finished with status 'error'
│   ERROR: Command errored out with exit status 1:
│    command: /home/pkgeval/.julia/conda/3/bin/python -u -c 'import sys, setuptools, tokenize; sys.argv[0] = '"'"'/tmp/pip-install-9mtq93r2/mpi4py_0ce768c0ba3641f4aeb8a6438b4a099a/setup.py'"'"'; __file__='"'"'/tmp/pip-install-9mtq93r2/mpi4py_0ce768c0ba3641f4aeb8a6438b4a099a/setup.py'"'"';f=getattr(tokenize, '"'"'open'"'"', open)(__file__);code=f.read().replace('"'"'\r\n'"'"', '"'"'\n'"'"');f.close();exec(compile(code, __file__, '"'"'exec'"'"'))' bdist_wheel -d /tmp/pip-wheel-96tdkaw8
│        cwd: /tmp/pip-install-9mtq93r2/mpi4py_0ce768c0ba3641f4aeb8a6438b4a099a/
│   Complete output (126 lines):
│   running bdist_wheel
│   running build
│   running build_src
│   running build_py
│   creating build
│   creating build/lib.linux-x86_64-3.8
│   creating build/lib.linux-x86_64-3.8/mpi4py
│   copying src/mpi4py/__main__.py -> build/lib.linux-x86_64-3.8/mpi4py
│   copying src/mpi4py/bench.py -> build/lib.linux-x86_64-3.8/mpi4py
│   copying src/mpi4py/run.py -> build/lib.linux-x86_64-3.8/mpi4py
│   copying src/mpi4py/__init__.py -> build/lib.linux-x86_64-3.8/mpi4py
│   creating build/lib.linux-x86_64-3.8/mpi4py/futures
│   copying src/mpi4py/futures/__main__.py -> build/lib.linux-x86_64-3.8/mpi4py/futures
│   copying src/mpi4py/futures/pool.py -> build/lib.linux-x86_64-3.8/mpi4py/futures
│   copying src/mpi4py/futures/server.py -> build/lib.linux-x86_64-3.8/mpi4py/futures
│   copying src/mpi4py/futures/_base.py -> build/lib.linux-x86_64-3.8/mpi4py/futures
│   copying src/mpi4py/futures/_lib.py -> build/lib.linux-x86_64-3.8/mpi4py/futures
│   copying src/mpi4py/futures/__init__.py -> build/lib.linux-x86_64-3.8/mpi4py/futures
│   copying src/mpi4py/futures/aplus.py -> build/lib.linux-x86_64-3.8/mpi4py/futures
│   copying src/mpi4py/libmpi.pxd -> build/lib.linux-x86_64-3.8/mpi4py
│   copying src/mpi4py/MPI.pxd -> build/lib.linux-x86_64-3.8/mpi4py
│   copying src/mpi4py/__init__.pxd -> build/lib.linux-x86_64-3.8/mpi4py
│   creating build/lib.linux-x86_64-3.8/mpi4py/include
│   creating build/lib.linux-x86_64-3.8/mpi4py/include/mpi4py
│   copying src/mpi4py/include/mpi4py/mpi4py.MPI.h -> build/lib.linux-x86_64-3.8/mpi4py/include/mpi4py
│   copying src/mpi4py/include/mpi4py/mpi4py.h -> build/lib.linux-x86_64-3.8/mpi4py/include/mpi4py
│   copying src/mpi4py/include/mpi4py/mpi4py.MPI_api.h -> build/lib.linux-x86_64-3.8/mpi4py/include/mpi4py
│   copying src/mpi4py/include/mpi4py/mpi4py.i -> build/lib.linux-x86_64-3.8/mpi4py/include/mpi4py
│   copying src/mpi4py/include/mpi4py/mpi.pxi -> build/lib.linux-x86_64-3.8/mpi4py/include/mpi4py
│   running build_clib
│   MPI configuration: [mpi] from 'mpi.cfg'
│   checking for library 'lmpe' ...
│   gcc -pthread -B /home/pkgeval/.julia/conda/3/compiler_compat -Wl,--sysroot=/ -Wsign-compare -DNDEBUG -g -fwrapv -O3 -Wall -Wstrict-prototypes -fPIC -c _configtest.c -o _configtest.o
│   gcc -pthread -B /home/pkgeval/.julia/conda/3/compiler_compat -Wl,--sysroot=/ _configtest.o -llmpe -o _configtest
│   /home/pkgeval/.julia/conda/3/compiler_compat/ld: cannot find -llmpe
│   collect2: error: ld returned 1 exit status
│   failure.
│   removing: _configtest.c _configtest.o
│   building 'mpe' dylib library
│   creating build/temp.linux-x86_64-3.8
│   creating build/temp.linux-x86_64-3.8/src
│   creating build/temp.linux-x86_64-3.8/src/lib-pmpi
│   gcc -pthread -B /home/pkgeval/.julia/conda/3/compiler_compat -Wl,--sysroot=/ -Wsign-compare -DNDEBUG -g -fwrapv -O3 -Wall -Wstrict-prototypes -fPIC -c src/lib-pmpi/mpe.c -o build/temp.linux-x86_64-3.8/src/lib-pmpi/mpe.o
│   creating build/lib.linux-x86_64-3.8/mpi4py/lib-pmpi
│   gcc -pthread -shared -B /home/pkgeval/.julia/conda/3/compiler_compat -L/home/pkgeval/.julia/conda/3/lib -Wl,-rpath=/home/pkgeval/.julia/conda/3/lib -Wl,--no-as-needed -Wl,--sysroot=/ -Wl,--no-as-needed build/temp.linux-x86_64-3.8/src/lib-pmpi/mpe.o -o build/lib.linux-x86_64-3.8/mpi4py/lib-pmpi/libmpe.so
│   checking for library 'vt-mpi' ...
│   gcc -pthread -B /home/pkgeval/.julia/conda/3/compiler_compat -Wl,--sysroot=/ -Wsign-compare -DNDEBUG -g -fwrapv -O3 -Wall -Wstrict-prototypes -fPIC -c _configtest.c -o _configtest.o
│   gcc -pthread -B /home/pkgeval/.julia/conda/3/compiler_compat -Wl,--sysroot=/ _configtest.o -lvt-mpi -o _configtest
│   /home/pkgeval/.julia/conda/3/compiler_compat/ld: cannot find -lvt-mpi
│   collect2: error: ld returned 1 exit status
│   failure.
│   removing: _configtest.c _configtest.o
│   checking for library 'vt.mpi' ...
│   gcc -pthread -B /home/pkgeval/.julia/conda/3/compiler_compat -Wl,--sysroot=/ -Wsign-compare -DNDEBUG -g -fwrapv -O3 -Wall -Wstrict-prototypes -fPIC -c _configtest.c -o _configtest.o
│   gcc -pthread -B /home/pkgeval/.julia/conda/3/compiler_compat -Wl,--sysroot=/ _configtest.o -lvt.mpi -o _configtest
│   /home/pkgeval/.julia/conda/3/compiler_compat/ld: cannot find -lvt.mpi
│   collect2: error: ld returned 1 exit status
│   failure.
│   removing: _configtest.c _configtest.o
│   building 'vt' dylib library
│   gcc -pthread -B /home/pkgeval/.julia/conda/3/compiler_compat -Wl,--sysroot=/ -Wsign-compare -DNDEBUG -g -fwrapv -O3 -Wall -Wstrict-prototypes -fPIC -c src/lib-pmpi/vt.c -o build/temp.linux-x86_64-3.8/src/lib-pmpi/vt.o
│   gcc -pthread -shared -B /home/pkgeval/.julia/conda/3/compiler_compat -L/home/pkgeval/.julia/conda/3/lib -Wl,-rpath=/home/pkgeval/.julia/conda/3/lib -Wl,--no-as-needed -Wl,--sysroot=/ -Wl,--no-as-needed build/temp.linux-x86_64-3.8/src/lib-pmpi/vt.o -o build/lib.linux-x86_64-3.8/mpi4py/lib-pmpi/libvt.so
│   checking for library 'vt-mpi' ...
│   gcc -pthread -B /home/pkgeval/.julia/conda/3/compiler_compat -Wl,--sysroot=/ -Wsign-compare -DNDEBUG -g -fwrapv -O3 -Wall -Wstrict-prototypes -fPIC -c _configtest.c -o _configtest.o
│   gcc -pthread -B /home/pkgeval/.julia/conda/3/compiler_compat -Wl,--sysroot=/ _configtest.o -lvt-mpi -o _configtest
│   /home/pkgeval/.julia/conda/3/compiler_compat/ld: cannot find -lvt-mpi
│   collect2: error: ld returned 1 exit status
│   failure.
│   removing: _configtest.c _configtest.o
│   checking for library 'vt.mpi' ...
│   gcc -pthread -B /home/pkgeval/.julia/conda/3/compiler_compat -Wl,--sysroot=/ -Wsign-compare -DNDEBUG -g -fwrapv -O3 -Wall -Wstrict-prototypes -fPIC -c _configtest.c -o _configtest.o
│   gcc -pthread -B /home/pkgeval/.julia/conda/3/compiler_compat -Wl,--sysroot=/ _configtest.o -lvt.mpi -o _configtest
│   /home/pkgeval/.julia/conda/3/compiler_compat/ld: cannot find -lvt.mpi
│   collect2: error: ld returned 1 exit status
│   failure.
│   removing: _configtest.c _configtest.o
│   building 'vt-mpi' dylib library
│   gcc -pthread -B /home/pkgeval/.julia/conda/3/compiler_compat -Wl,--sysroot=/ -Wsign-compare -DNDEBUG -g -fwrapv -O3 -Wall -Wstrict-prototypes -fPIC -c src/lib-pmpi/vt-mpi.c -o build/temp.linux-x86_64-3.8/src/lib-pmpi/vt-mpi.o
│   gcc -pthread -shared -B /home/pkgeval/.julia/conda/3/compiler_compat -L/home/pkgeval/.julia/conda/3/lib -Wl,-rpath=/home/pkgeval/.julia/conda/3/lib -Wl,--no-as-needed -Wl,--sysroot=/ -Wl,--no-as-needed build/temp.linux-x86_64-3.8/src/lib-pmpi/vt-mpi.o -o build/lib.linux-x86_64-3.8/mpi4py/lib-pmpi/libvt-mpi.so
│   checking for library 'vt-hyb' ...
│   gcc -pthread -B /home/pkgeval/.julia/conda/3/compiler_compat -Wl,--sysroot=/ -Wsign-compare -DNDEBUG -g -fwrapv -O3 -Wall -Wstrict-prototypes -fPIC -c _configtest.c -o _configtest.o
│   gcc -pthread -B /home/pkgeval/.julia/conda/3/compiler_compat -Wl,--sysroot=/ _configtest.o -lvt-hyb -o _configtest
│   /home/pkgeval/.julia/conda/3/compiler_compat/ld: cannot find -lvt-hyb
│   collect2: error: ld returned 1 exit status
│   failure.
│   removing: _configtest.c _configtest.o
│   checking for library 'vt.ompi' ...
│   gcc -pthread -B /home/pkgeval/.julia/conda/3/compiler_compat -Wl,--sysroot=/ -Wsign-compare -DNDEBUG -g -fwrapv -O3 -Wall -Wstrict-prototypes -fPIC -c _configtest.c -o _configtest.o
│   gcc -pthread -B /home/pkgeval/.julia/conda/3/compiler_compat -Wl,--sysroot=/ _configtest.o -lvt.ompi -o _configtest
│   /home/pkgeval/.julia/conda/3/compiler_compat/ld: cannot find -lvt.ompi
│   collect2: error: ld returned 1 exit status
│   failure.
│   removing: _configtest.c _configtest.o
│   building 'vt-hyb' dylib library
│   gcc -pthread -B /home/pkgeval/.julia/conda/3/compiler_compat -Wl,--sysroot=/ -Wsign-compare -DNDEBUG -g -fwrapv -O3 -Wall -Wstrict-prototypes -fPIC -c src/lib-pmpi/vt-hyb.c -o build/temp.linux-x86_64-3.8/src/lib-pmpi/vt-hyb.o
│   gcc -pthread -shared -B /home/pkgeval/.julia/conda/3/compiler_compat -L/home/pkgeval/.julia/conda/3/lib -Wl,-rpath=/home/pkgeval/.julia/conda/3/lib -Wl,--no-as-needed -Wl,--sysroot=/ -Wl,--no-as-needed build/temp.linux-x86_64-3.8/src/lib-pmpi/vt-hyb.o -o build/lib.linux-x86_64-3.8/mpi4py/lib-pmpi/libvt-hyb.so
│   running build_ext
│   MPI configuration: [mpi] from 'mpi.cfg'
│   checking for dlopen() availability ...
│   checking for header 'dlfcn.h' ...
│   gcc -pthread -B /home/pkgeval/.julia/conda/3/compiler_compat -Wl,--sysroot=/ -Wsign-compare -DNDEBUG -g -fwrapv -O3 -Wall -Wstrict-prototypes -fPIC -I/home/pkgeval/.julia/conda/3/include/python3.8 -c _configtest.c -o _configtest.o
│   success!
│   removing: _configtest.c _configtest.o
│   success!
│   checking for library 'dl' ...
│   gcc -pthread -B /home/pkgeval/.julia/conda/3/compiler_compat -Wl,--sysroot=/ -Wsign-compare -DNDEBUG -g -fwrapv -O3 -Wall -Wstrict-prototypes -fPIC -I/home/pkgeval/.julia/conda/3/include/python3.8 -c _configtest.c -o _configtest.o
│   gcc -pthread -B /home/pkgeval/.julia/conda/3/compiler_compat -Wl,--sysroot=/ _configtest.o -Lbuild/temp.linux-x86_64-3.8 -ldl -o _configtest
│   success!
│   removing: _configtest.c _configtest.o _configtest
│   checking for function 'dlopen' ...
│   gcc -pthread -B /home/pkgeval/.julia/conda/3/compiler_compat -Wl,--sysroot=/ -Wsign-compare -DNDEBUG -g -fwrapv -O3 -Wall -Wstrict-prototypes -fPIC -I/home/pkgeval/.julia/conda/3/include/python3.8 -c _configtest.c -o _configtest.o
│   gcc -pthread -B /home/pkgeval/.julia/conda/3/compiler_compat -Wl,--sysroot=/ _configtest.o -Lbuild/temp.linux-x86_64-3.8 -ldl -o _configtest
│   success!
│   removing: _configtest.c _configtest.o _configtest
│   building 'mpi4py.dl' extension
│   gcc -pthread -B /home/pkgeval/.julia/conda/3/compiler_compat -Wl,--sysroot=/ -Wsign-compare -DNDEBUG -g -fwrapv -O3 -Wall -Wstrict-prototypes -fPIC -DHAVE_DLFCN_H=1 -DHAVE_DLOPEN=1 -I/home/pkgeval/.julia/conda/3/include/python3.8 -c src/dynload.c -o build/temp.linux-x86_64-3.8/src/dynload.o
│   gcc -pthread -shared -B /home/pkgeval/.julia/conda/3/compiler_compat -L/home/pkgeval/.julia/conda/3/lib -Wl,-rpath=/home/pkgeval/.julia/conda/3/lib -Wl,--no-as-needed -Wl,--sysroot=/ build/temp.linux-x86_64-3.8/src/dynload.o -Lbuild/temp.linux-x86_64-3.8 -ldl -o build/lib.linux-x86_64-3.8/mpi4py/dl.cpython-38-x86_64-linux-gnu.so
│   checking for MPI compile and link ...
│   gcc -pthread -B /home/pkgeval/.julia/conda/3/compiler_compat -Wl,--sysroot=/ -Wsign-compare -DNDEBUG -g -fwrapv -O3 -Wall -Wstrict-prototypes -fPIC -I/home/pkgeval/.julia/conda/3/include/python3.8 -c _configtest.c -o _configtest.o
│   _configtest.c:2:10: fatal error: mpi.h: No such file or directory
│       2 | #include <mpi.h>
│         |          ^~~~~~~
│   compilation terminated.
│   failure.
│   removing: _configtest.c _configtest.o
│   error: Cannot compile MPI programs. Check your configuration!!!
│   ----------------------------------------
│   ERROR: Failed building wheel for mpi4py
│   Running setup.py clean for mpi4py
│ Failed to build mpi4py
│ Installing collected packages: mpi4py
│     Running setup.py install for mpi4py: started
│     Running setup.py install for mpi4py: finished with status 'error'
│     ERROR: Command errored out with exit status 1:
│      command: /home/pkgeval/.julia/conda/3/bin/python -u -c 'import sys, setuptools, tokenize; sys.argv[0] = '"'"'/tmp/pip-install-9mtq93r2/mpi4py_0ce768c0ba3641f4aeb8a6438b4a099a/setup.py'"'"'; __file__='"'"'/tmp/pip-install-9mtq93r2/mpi4py_0ce768c0ba3641f4aeb8a6438b4a099a/setup.py'"'"';f=getattr(tokenize, '"'"'open'"'"', open)(__file__);code=f.read().replace('"'"'\r\n'"'"', '"'"'\n'"'"');f.close();exec(compile(code, __file__, '"'"'exec'"'"'))' install --record /tmp/pip-record-auho7nu3/install-record.txt --single-version-externally-managed --compile --install-headers /home/pkgeval/.julia/conda/3/include/python3.8/mpi4py
│          cwd: /tmp/pip-install-9mtq93r2/mpi4py_0ce768c0ba3641f4aeb8a6438b4a099a/
│     Complete output (126 lines):
│     running install
│     running build
│     running build_src
│     running build_py
│     creating build
│     creating build/lib.linux-x86_64-3.8
│     creating build/lib.linux-x86_64-3.8/mpi4py
│     copying src/mpi4py/__main__.py -> build/lib.linux-x86_64-3.8/mpi4py
│     copying src/mpi4py/bench.py -> build/lib.linux-x86_64-3.8/mpi4py
│     copying src/mpi4py/run.py -> build/lib.linux-x86_64-3.8/mpi4py
│     copying src/mpi4py/__init__.py -> build/lib.linux-x86_64-3.8/mpi4py
│     creating build/lib.linux-x86_64-3.8/mpi4py/futures
│     copying src/mpi4py/futures/__main__.py -> build/lib.linux-x86_64-3.8/mpi4py/futures
│     copying src/mpi4py/futures/pool.py -> build/lib.linux-x86_64-3.8/mpi4py/futures
│     copying src/mpi4py/futures/server.py -> build/lib.linux-x86_64-3.8/mpi4py/futures
│     copying src/mpi4py/futures/_base.py -> build/lib.linux-x86_64-3.8/mpi4py/futures
│     copying src/mpi4py/futures/_lib.py -> build/lib.linux-x86_64-3.8/mpi4py/futures
│     copying src/mpi4py/futures/__init__.py -> build/lib.linux-x86_64-3.8/mpi4py/futures
│     copying src/mpi4py/futures/aplus.py -> build/lib.linux-x86_64-3.8/mpi4py/futures
│     copying src/mpi4py/libmpi.pxd -> build/lib.linux-x86_64-3.8/mpi4py
│     copying src/mpi4py/MPI.pxd -> build/lib.linux-x86_64-3.8/mpi4py
│     copying src/mpi4py/__init__.pxd -> build/lib.linux-x86_64-3.8/mpi4py
│     creating build/lib.linux-x86_64-3.8/mpi4py/include
│     creating build/lib.linux-x86_64-3.8/mpi4py/include/mpi4py
│     copying src/mpi4py/include/mpi4py/mpi4py.MPI.h -> build/lib.linux-x86_64-3.8/mpi4py/include/mpi4py
│     copying src/mpi4py/include/mpi4py/mpi4py.h -> build/lib.linux-x86_64-3.8/mpi4py/include/mpi4py
│     copying src/mpi4py/include/mpi4py/mpi4py.MPI_api.h -> build/lib.linux-x86_64-3.8/mpi4py/include/mpi4py
│     copying src/mpi4py/include/mpi4py/mpi4py.i -> build/lib.linux-x86_64-3.8/mpi4py/include/mpi4py
│     copying src/mpi4py/include/mpi4py/mpi.pxi -> build/lib.linux-x86_64-3.8/mpi4py/include/mpi4py
│     running build_clib
│     MPI configuration: [mpi] from 'mpi.cfg'
│     checking for library 'lmpe' ...
│     gcc -pthread -B /home/pkgeval/.julia/conda/3/compiler_compat -Wl,--sysroot=/ -Wsign-compare -DNDEBUG -g -fwrapv -O3 -Wall -Wstrict-prototypes -fPIC -c _configtest.c -o _configtest.o
│     gcc -pthread -B /home/pkgeval/.julia/conda/3/compiler_compat -Wl,--sysroot=/ _configtest.o -llmpe -o _configtest
│     /home/pkgeval/.julia/conda/3/compiler_compat/ld: cannot find -llmpe
│     collect2: error: ld returned 1 exit status
│     failure.
│     removing: _configtest.c _configtest.o
│     building 'mpe' dylib library
│     creating build/temp.linux-x86_64-3.8
│     creating build/temp.linux-x86_64-3.8/src
│     creating build/temp.linux-x86_64-3.8/src/lib-pmpi
│     gcc -pthread -B /home/pkgeval/.julia/conda/3/compiler_compat -Wl,--sysroot=/ -Wsign-compare -DNDEBUG -g -fwrapv -O3 -Wall -Wstrict-prototypes -fPIC -c src/lib-pmpi/mpe.c -o build/temp.linux-x86_64-3.8/src/lib-pmpi/mpe.o
│     creating build/lib.linux-x86_64-3.8/mpi4py/lib-pmpi
│     gcc -pthread -shared -B /home/pkgeval/.julia/conda/3/compiler_compat -L/home/pkgeval/.julia/conda/3/lib -Wl,-rpath=/home/pkgeval/.julia/conda/3/lib -Wl,--no-as-needed -Wl,--sysroot=/ -Wl,--no-as-needed build/temp.linux-x86_64-3.8/src/lib-pmpi/mpe.o -o build/lib.linux-x86_64-3.8/mpi4py/lib-pmpi/libmpe.so
│     checking for library 'vt-mpi' ...
│     gcc -pthread -B /home/pkgeval/.julia/conda/3/compiler_compat -Wl,--sysroot=/ -Wsign-compare -DNDEBUG -g -fwrapv -O3 -Wall -Wstrict-prototypes -fPIC -c _configtest.c -o _configtest.o
│     gcc -pthread -B /home/pkgeval/.julia/conda/3/compiler_compat -Wl,--sysroot=/ _configtest.o -lvt-mpi -o _configtest
│     /home/pkgeval/.julia/conda/3/compiler_compat/ld: cannot find -lvt-mpi
│     collect2: error: ld returned 1 exit status
│     failure.
│     removing: _configtest.c _configtest.o
│     checking for library 'vt.mpi' ...
│     gcc -pthread -B /home/pkgeval/.julia/conda/3/compiler_compat -Wl,--sysroot=/ -Wsign-compare -DNDEBUG -g -fwrapv -O3 -Wall -Wstrict-prototypes -fPIC -c _configtest.c -o _configtest.o
│     gcc -pthread -B /home/pkgeval/.julia/conda/3/compiler_compat -Wl,--sysroot=/ _configtest.o -lvt.mpi -o _configtest
│     /home/pkgeval/.julia/conda/3/compiler_compat/ld: cannot find -lvt.mpi
│     collect2: error: ld returned 1 exit status
│     failure.
│     removing: _configtest.c _configtest.o
│     building 'vt' dylib library
│     gcc -pthread -B /home/pkgeval/.julia/conda/3/compiler_compat -Wl,--sysroot=/ -Wsign-compare -DNDEBUG -g -fwrapv -O3 -Wall -Wstrict-prototypes -fPIC -c src/lib-pmpi/vt.c -o build/temp.linux-x86_64-3.8/src/lib-pmpi/vt.o
│     gcc -pthread -shared -B /home/pkgeval/.julia/conda/3/compiler_compat -L/home/pkgeval/.julia/conda/3/lib -Wl,-rpath=/home/pkgeval/.julia/conda/3/lib -Wl,--no-as-needed -Wl,--sysroot=/ -Wl,--no-as-needed build/temp.linux-x86_64-3.8/src/lib-pmpi/vt.o -o build/lib.linux-x86_64-3.8/mpi4py/lib-pmpi/libvt.so
│     checking for library 'vt-mpi' ...
│     gcc -pthread -B /home/pkgeval/.julia/conda/3/compiler_compat -Wl,--sysroot=/ -Wsign-compare -DNDEBUG -g -fwrapv -O3 -Wall -Wstrict-prototypes -fPIC -c _configtest.c -o _configtest.o
│     gcc -pthread -B /home/pkgeval/.julia/conda/3/compiler_compat -Wl,--sysroot=/ _configtest.o -lvt-mpi -o _configtest
│     /home/pkgeval/.julia/conda/3/compiler_compat/ld: cannot find -lvt-mpi
│     collect2: error: ld returned 1 exit status
│     failure.
│     removing: _configtest.c _configtest.o
│     checking for library 'vt.mpi' ...
│     gcc -pthread -B /home/pkgeval/.julia/conda/3/compiler_compat -Wl,--sysroot=/ -Wsign-compare -DNDEBUG -g -fwrapv -O3 -Wall -Wstrict-prototypes -fPIC -c _configtest.c -o _configtest.o
│     gcc -pthread -B /home/pkgeval/.julia/conda/3/compiler_compat -Wl,--sysroot=/ _configtest.o -lvt.mpi -o _configtest
│     /home/pkgeval/.julia/conda/3/compiler_compat/ld: cannot find -lvt.mpi
│     collect2: error: ld returned 1 exit status
│     failure.
│     removing: _configtest.c _configtest.o
│     building 'vt-mpi' dylib library
│     gcc -pthread -B /home/pkgeval/.julia/conda/3/compiler_compat -Wl,--sysroot=/ -Wsign-compare -DNDEBUG -g -fwrapv -O3 -Wall -Wstrict-prototypes -fPIC -c src/lib-pmpi/vt-mpi.c -o build/temp.linux-x86_64-3.8/src/lib-pmpi/vt-mpi.o
│     gcc -pthread -shared -B /home/pkgeval/.julia/conda/3/compiler_compat -L/home/pkgeval/.julia/conda/3/lib -Wl,-rpath=/home/pkgeval/.julia/conda/3/lib -Wl,--no-as-needed -Wl,--sysroot=/ -Wl,--no-as-needed build/temp.linux-x86_64-3.8/src/lib-pmpi/vt-mpi.o -o build/lib.linux-x86_64-3.8/mpi4py/lib-pmpi/libvt-mpi.so
│     checking for library 'vt-hyb' ...
│     gcc -pthread -B /home/pkgeval/.julia/conda/3/compiler_compat -Wl,--sysroot=/ -Wsign-compare -DNDEBUG -g -fwrapv -O3 -Wall -Wstrict-prototypes -fPIC -c _configtest.c -o _configtest.o
│     gcc -pthread -B /home/pkgeval/.julia/conda/3/compiler_compat -Wl,--sysroot=/ _configtest.o -lvt-hyb -o _configtest
│     /home/pkgeval/.julia/conda/3/compiler_compat/ld: cannot find -lvt-hyb
│     collect2: error: ld returned 1 exit status
│     failure.
│     removing: _configtest.c _configtest.o
│     checking for library 'vt.ompi' ...
│     gcc -pthread -B /home/pkgeval/.julia/conda/3/compiler_compat -Wl,--sysroot=/ -Wsign-compare -DNDEBUG -g -fwrapv -O3 -Wall -Wstrict-prototypes -fPIC -c _configtest.c -o _configtest.o
│     gcc -pthread -B /home/pkgeval/.julia/conda/3/compiler_compat -Wl,--sysroot=/ _configtest.o -lvt.ompi -o _configtest
│     /home/pkgeval/.julia/conda/3/compiler_compat/ld: cannot find -lvt.ompi
│     collect2: error: ld returned 1 exit status
│     failure.
│     removing: _configtest.c _configtest.o
│     building 'vt-hyb' dylib library
│     gcc -pthread -B /home/pkgeval/.julia/conda/3/compiler_compat -Wl,--sysroot=/ -Wsign-compare -DNDEBUG -g -fwrapv -O3 -Wall -Wstrict-prototypes -fPIC -c src/lib-pmpi/vt-hyb.c -o build/temp.linux-x86_64-3.8/src/lib-pmpi/vt-hyb.o
│     gcc -pthread -shared -B /home/pkgeval/.julia/conda/3/compiler_compat -L/home/pkgeval/.julia/conda/3/lib -Wl,-rpath=/home/pkgeval/.julia/conda/3/lib -Wl,--no-as-needed -Wl,--sysroot=/ -Wl,--no-as-needed build/temp.linux-x86_64-3.8/src/lib-pmpi/vt-hyb.o -o build/lib.linux-x86_64-3.8/mpi4py/lib-pmpi/libvt-hyb.so
│     running build_ext
│     MPI configuration: [mpi] from 'mpi.cfg'
│     checking for dlopen() availability ...
│     checking for header 'dlfcn.h' ...
│     gcc -pthread -B /home/pkgeval/.julia/conda/3/compiler_compat -Wl,--sysroot=/ -Wsign-compare -DNDEBUG -g -fwrapv -O3 -Wall -Wstrict-prototypes -fPIC -I/home/pkgeval/.julia/conda/3/include/python3.8 -c _configtest.c -o _configtest.o
│     success!
│     removing: _configtest.c _configtest.o
│     success!
│     checking for library 'dl' ...
│     gcc -pthread -B /home/pkgeval/.julia/conda/3/compiler_compat -Wl,--sysroot=/ -Wsign-compare -DNDEBUG -g -fwrapv -O3 -Wall -Wstrict-prototypes -fPIC -I/home/pkgeval/.julia/conda/3/include/python3.8 -c _configtest.c -o _configtest.o
│     gcc -pthread -B /home/pkgeval/.julia/conda/3/compiler_compat -Wl,--sysroot=/ _configtest.o -Lbuild/temp.linux-x86_64-3.8 -ldl -o _configtest
│     success!
│     removing: _configtest.c _configtest.o _configtest
│     checking for function 'dlopen' ...
│     gcc -pthread -B /home/pkgeval/.julia/conda/3/compiler_compat -Wl,--sysroot=/ -Wsign-compare -DNDEBUG -g -fwrapv -O3 -Wall -Wstrict-prototypes -fPIC -I/home/pkgeval/.julia/conda/3/include/python3.8 -c _configtest.c -o _configtest.o
│     gcc -pthread -B /home/pkgeval/.julia/conda/3/compiler_compat -Wl,--sysroot=/ _configtest.o -Lbuild/temp.linux-x86_64-3.8 -ldl -o _configtest
│     success!
│     removing: _configtest.c _configtest.o _configtest
│     building 'mpi4py.dl' extension
│     gcc -pthread -B /home/pkgeval/.julia/conda/3/compiler_compat -Wl,--sysroot=/ -Wsign-compare -DNDEBUG -g -fwrapv -O3 -Wall -Wstrict-prototypes -fPIC -DHAVE_DLFCN_H=1 -DHAVE_DLOPEN=1 -I/home/pkgeval/.julia/conda/3/include/python3.8 -c src/dynload.c -o build/temp.linux-x86_64-3.8/src/dynload.o
│     gcc -pthread -shared -B /home/pkgeval/.julia/conda/3/compiler_compat -L/home/pkgeval/.julia/conda/3/lib -Wl,-rpath=/home/pkgeval/.julia/conda/3/lib -Wl,--no-as-needed -Wl,--sysroot=/ build/temp.linux-x86_64-3.8/src/dynload.o -Lbuild/temp.linux-x86_64-3.8 -ldl -o build/lib.linux-x86_64-3.8/mpi4py/dl.cpython-38-x86_64-linux-gnu.so
│     checking for MPI compile and link ...
│     gcc -pthread -B /home/pkgeval/.julia/conda/3/compiler_compat -Wl,--sysroot=/ -Wsign-compare -DNDEBUG -g -fwrapv -O3 -Wall -Wstrict-prototypes -fPIC -I/home/pkgeval/.julia/conda/3/include/python3.8 -c _configtest.c -o _configtest.o
│     _configtest.c:2:10: fatal error: mpi.h: No such file or directory
│         2 | #include <mpi.h>
│           |          ^~~~~~~
│     compilation terminated.
│     failure.
│     removing: _configtest.c _configtest.o
│     error: Cannot compile MPI programs. Check your configuration!!!
│     ----------------------------------------
│ ERROR: Command errored out with exit status 1: /home/pkgeval/.julia/conda/3/bin/python -u -c 'import sys, setuptools, tokenize; sys.argv[0] = '"'"'/tmp/pip-install-9mtq93r2/mpi4py_0ce768c0ba3641f4aeb8a6438b4a099a/setup.py'"'"'; __file__='"'"'/tmp/pip-install-9mtq93r2/mpi4py_0ce768c0ba3641f4aeb8a6438b4a099a/setup.py'"'"';f=getattr(tokenize, '"'"'open'"'"', open)(__file__);code=f.read().replace('"'"'\r\n'"'"', '"'"'\n'"'"');f.close();exec(compile(code, __file__, '"'"'exec'"'"'))' install --record /tmp/pip-record-auho7nu3/install-record.txt --single-version-externally-managed --compile --install-headers /home/pkgeval/.julia/conda/3/include/python3.8/mpi4py Check the logs for full command output.
│ [ Info: Running `conda install -q -y pip` in root environment
│ ERROR: LoadError: failed process: Process(`/home/pkgeval/.julia/conda/3/bin/pip install mpi4py`, ProcessExited(1)) [1]
│ 
│ Stacktrace:
│  [1] pipeline_error at ./process.jl:525 [inlined]
│  [2] run(::Cmd; wait::Bool) at ./process.jl:440
│  [3] run(::Cmd) at ./process.jl:438
│  [4] top-level scope at /home/pkgeval/.julia/packages/Devito/20atZ/deps/build.jl:6
│  [5] include(::String) at ./client.jl:457
│  [6] top-level scope at none:5
│ in expression starting at /home/pkgeval/.julia/packages/Devito/20atZ/deps/build.jl:6
└ @ Pkg.Operations /workspace/srcdir/usr/share/julia/stdlib/v1.5/Pkg/src/Operations.jl:949


################################################################################
# Testing: 2021-01-11T15:29:26.811
#

    Testing Devito
┌ Error: Pkg.Resolve.ResolverError("Unsatisfiable requirements detected for package MPI [da04e1cc]:\n MPI [da04e1cc] log:\n ├─possible versions are: [0.7.0-0.7.2, 0.8.0, 0.9.0, 0.10.0-0.10.1, 0.11.0, 0.12.0, 0.13.0-0.13.1, 0.14.0-0.14.3, 0.15.0-0.15.1, 0.16.0-0.16.1] or uninstalled\n ├─restricted to versions 0.15.1 by an explicit requirement, leaving only versions 0.15.1\n └─restricted by compatibility requirements with MPIClusterManagers [e7922434] to versions: [0.7.0-0.7.2, 0.8.0, 0.9.0, 0.10.0-0.10.1, 0.11.0, 0.12.0, 0.13.0-0.13.1, 0.14.0-0.14.3] — no versions left\n   └─MPIClusterManagers [e7922434] log:\n     ├─possible versions are: [0.1.0, 0.2.0] or uninstalled\n     └─restricted to versions * by an explicit requirement, leaving only versions [0.1.0, 0.2.0]", nothing)
└ @ Pkg.Operations /workspace/srcdir/usr/share/julia/stdlib/v1.5/Pkg/src/Operations.jl:1427
Status `/tmp/jl_aGjmEQ/Project.toml`
  [06ed14b1] Devito v0.1.0
  [da04e1cc] MPI v0.14.3
  [e7922434] MPIClusterManagers v0.2.0
  [438e738f] PyCall v1.92.2
  [5e0ebb24] Strided v1.1.1
  [8ba89e20] Distributed
  [9a3f8284] Random
  [8dfed614] Test
Status `/tmp/jl_aGjmEQ/Manifest.toml`
  [56f22d72] Artifacts v1.3.0
  [e66e0078] CompilerSupportLibraries_jll v0.3.4+0
  [8f4d0f93] Conda v1.5.0
  [06ed14b1] Devito v0.1.0
  [ffbed154] DocStringExtensions v0.8.3
  [692b3bcd] JLLWrappers v1.2.0
  [682c06a0] JSON v0.21.1
  [da04e1cc] MPI v0.14.3
  [7cb0a576] MPICH_jll v3.3.2+10
  [e7922434] MPIClusterManagers v0.2.0
  [1914dd2f] MacroTools v0.5.6
  [9237b28f] MicrosoftMPI_jll v10.1.2+3
  [fe0851c0] OpenMPI_jll v4.0.2+2
  [69de0a69] Parsers v1.0.15
  [438e738f] PyCall v1.92.2
  [ae029012] Requires v1.1.2
  [5e0ebb24] Strided v1.1.1
  [9d95972d] TupleTools v1.2.0
  [81def892] VersionParsing v1.2.0
  [2a0f44e3] Base64
  [ade2ca70] Dates
  [8ba89e20] Distributed
  [b77e0a4c] InteractiveUtils
  [76f85450] LibGit2
  [8f399da3] Libdl
  [37e2e46d] LinearAlgebra
  [56ddb016] Logging
  [d6f4376e] Markdown
  [a63ad114] Mmap
  [44cfe95a] Pkg
  [de0858da] Printf
  [3fa0cd96] REPL
  [9a3f8284] Random
  [ea8e919c] SHA
  [9e88b42a] Serialization
  [6462fe0b] Sockets
  [8dfed614] Test
  [cf7118a7] UUIDs
  [4ec0a83e] Unicode
Test Summary: | Pass  Total
configuration |    2      2
Test Summary: | Pass  Total
Grid          |    3      3
Test Summary: | Pass  Total
Grid, Float64 |    1      1
Allocating memory for b(8, 9)
Test Summary:            | Pass  Total
Function, data_with_halo |    1      1
Allocating memory for b(8, 9)
Test Summary:  | Pass  Total
Function, data |    1      1
Allocating memory for p(3, 8, 9)
Test Summary:                | Pass  Total
TimeFunction, data with halo |    1      1
Allocating memory for p(3, 8, 9)
Test Summary:      | Pass  Total
TimeFunction, data |    1      1
Allocating memory for stf_coords(10, 2)
Test Summary:                    | Pass  Total
Sparse time function coordinates |    3      3
      From worker 2:	Test Summary:                    | Error  Total
      From worker 3:	Test Summary:                    | Error  Total
      From worker 2:	DevitoMPIArray, fill!, with halo |     1      1
      From worker 3:	DevitoMPIArray, fill!, with halo |     1      1
ERROR: LoadError: TaskFailedException:
On worker 2:
Some tests did not pass: 0 passed, 0 failed, 1 errored, 0 broken.
Stacktrace:
 [1] #remotecall_fetch#143 at /workspace/srcdir/usr/share/julia/stdlib/v1.5/Distributed/src/remotecall.jl:394 [inlined]
 [2] remotecall_fetch(::Core.Function, ::Distributed.Worker, ::Future) at /workspace/srcdir/usr/share/julia/stdlib/v1.5/Distributed/src/remotecall.jl:386
 [3] remotecall_fetch(::Core.Function, ::Int64, ::Future; kwargs::Base.Iterators.Pairs{Union{},Union{},Tuple{},NamedTuple{(),Tuple{}}}) at /workspace/srcdir/usr/share/julia/stdlib/v1.5/Distributed/src/remotecall.jl:421
 [4] remotecall_fetch at /workspace/srcdir/usr/share/julia/stdlib/v1.5/Distributed/src/remotecall.jl:421 [inlined]
 [5] macro expansion at /home/pkgeval/.julia/packages/MPIClusterManagers/0ZYYQ/src/mpimanager.jl:493 [inlined]
 [6] (::MPIClusterManagers.var"#25#28"{Future})() at ./task.jl:356

...and 1 more exception(s).

Stacktrace:
 [1] sync_end(::Channel{Any}) at ./task.jl:314
 [2] macro expansion at ./task.jl:333 [inlined]
 [3] mpi_do(::MPIManager, ::Core.Function) at /home/pkgeval/.julia/packages/MPIClusterManagers/0ZYYQ/src/mpimanager.jl:490
 [4] top-level scope at /home/pkgeval/.julia/packages/MPIClusterManagers/0ZYYQ/src/mpimanager.jl:511
 [5] include(::String) at ./client.jl:457
 [6] top-level scope at none:6
in expression starting at /home/pkgeval/.julia/packages/Devito/20atZ/test/runtests.jl:92

PkgEval failed: Package Devito errored during testing
Stacktrace:
 [1] pkgerror(::String) at /workspace/srcdir/usr/share/julia/stdlib/v1.5/Pkg/src/Types.jl:52
 [2] test(::Pkg.Types.Context, ::Array{Pkg.Types.PackageSpec,1}; coverage::Bool, julia_args::Cmd, test_args::Cmd, test_fn::Nothing) at /workspace/srcdir/usr/share/julia/stdlib/v1.5/Pkg/src/Operations.jl:1578
 [3] test(::Pkg.Types.Context, ::Array{Pkg.Types.PackageSpec,1}; coverage::Bool, test_fn::Nothing, julia_args::Cmd, test_args::Cmd, kwargs::Base.Iterators.Pairs{Union{},Union{},Tuple{},NamedTuple{(),Tuple{}}}) at /workspace/srcdir/usr/share/julia/stdlib/v1.5/Pkg/src/API.jl:327
 [4] test(::Pkg.Types.Context, ::Array{Pkg.Types.PackageSpec,1}) at /workspace/srcdir/usr/share/julia/stdlib/v1.5/Pkg/src/API.jl:314
 [5] #test#61 at /workspace/srcdir/usr/share/julia/stdlib/v1.5/Pkg/src/API.jl:67 [inlined]
 [6] test at /workspace/srcdir/usr/share/julia/stdlib/v1.5/Pkg/src/API.jl:67 [inlined]
 [7] #test#60 at /workspace/srcdir/usr/share/julia/stdlib/v1.5/Pkg/src/API.jl:66 [inlined]
 [8] test at /workspace/srcdir/usr/share/julia/stdlib/v1.5/Pkg/src/API.jl:66 [inlined]
 [9] test(::String; kwargs::Base.Iterators.Pairs{Union{},Union{},Tuple{},NamedTuple{(),Tuple{}}}) at /workspace/srcdir/usr/share/julia/stdlib/v1.5/Pkg/src/API.jl:65
 [10] test(::String) at /workspace/srcdir/usr/share/julia/stdlib/v1.5/Pkg/src/API.jl:65
 [11] top-level scope at none:22
 [12] eval at ./boot.jl:331 [inlined]
 [13] eval(::Expr) at ./client.jl:467
 [14] top-level scope at none:1
 [15] eval(::Module, ::Any) at ./boot.jl:331
 [16] exec_options(::Base.JLOptions) at ./client.jl:272
 [17] _start() at ./client.jl:506


################################################################################
# PkgEval teardown: 2021-01-11T15:30:39.229
CPU usage: 167.05s (150.20s user, 17.13s kernel)

Network usage:
- eth0: 484.762 MiB received, 1.313 MiB sent

Raw statistics: {"blkio_stats":{"io_queue_recursive":[],"io_serviced_recursive":[{"major":259,"value":5,"op":"Read","minor":0},{"major":259,"value":219,"op":"Write","minor":0},{"major":259,"value":40,"op":"Sync","minor":0},{"major":259,"value":184,"op":"Async","minor":0},{"major":259,"value":0,"op":"Discard","minor":0},{"major":259,"value":224,"op":"Total","minor":0},{"major":253,"value":5,"op":"Read","minor":2},{"major":253,"value":161,"op":"Write","minor":2},{"major":253,"value":27,"op":"Sync","minor":2},{"major":253,"value":139,"op":"Async","minor":2},{"major":253,"value":0,"op":"Discard","minor":2},{"major":253,"value":166,"op":"Total","minor":2}],"io_time_recursive":[],"sectors_recursive":[],"io_service_bytes_recursive":[{"major":259,"value":143360,"op":"Read","minor":0},{"major":259,"value":9441280,"op":"Write","minor":0},{"major":259,"value":2154496,"op":"Sync","minor":0},{"major":259,"value":7430144,"op":"Async","minor":0},{"major":259,"value":0,"op":"Discard","minor":0},{"major":259,"value":9584640,"op":"Total","minor":0},{"major":253,"value":143360,"op":"Read","minor":2},{"major":253,"value":9441280,"op":"Write","minor":2},{"major":253,"value":2154496,"op":"Sync","minor":2},{"major":253,"value":7430144,"op":"Async","minor":2},{"major":253,"value":0,"op":"Discard","minor":2},{"major":253,"value":9584640,"op":"Total","minor":2}],"io_wait_time_recursive":[],"io_merged_recursive":[],"io_service_time_recursive":[]},"memory_stats":{"usage":2213543936,"max_usage":3125104640,"stats":{"hierarchical_memory_limit":9223372036854771712,"pgmajfault":0,"total_rss":238800896,"inactive_file":135168,"inactive_anon":1324105728,"total_pgfault":4158033,"total_cache":1899147264,"total_rss_huge":0,"total_active_anon":813576192,"total_pgmajfault":0,"pgpgin":3289275,"rss_huge":0,"mapped_file":0,"total_inactive_file":135168,"dirty":540672,"total_unevictable":0,"total_dirty":540672,"writeback":0,"pgpgout":2767313,"hierarchical_memsw_limit":0,"cache":1899147264,"active_file":135168,"pgfault":4158033,"total_mapped_file":0,"total_pgpgout":2767313,"total_writeback":0,"rss":238800896,"unevictable":0,"total_inactive_anon":1324105728,"total_pgpgin":3289275,"active_anon":813576192,"total_active_file":135168},"limit":540965302272},"name":"/Devito-1vOlleRE","networks":{"eth0":{"rx_bytes":508309887,"rx_packets":36453,"tx_packets":20354,"tx_bytes":1377037,"tx_dropped":0,"rx_dropped":6,"tx_errors":0,"rx_errors":0}},"id":"8bc65601c2935062f2e927acc8cad76339206cd98a16d31670e51f281572a4d1","preread":"0001-01-01T00:00:00Z","storage_stats":{},"precpu_stats":{"throttling_data":{"throttled_periods":0,"throttled_time":0,"periods":0},"cpu_usage":{"usage_in_usermode":0,"usage_in_kernelmode":0,"total_usage":0}},"pids_stats":{"current":40},"num_procs":0,"cpu_stats":{"throttling_data":{"throttled_periods":0,"throttled_time":0,"periods":0},"system_cpu_usage":3213907324522419,"online_cpus":128,"cpu_usage":{"usage_in_usermode":150200000000,"usage_in_kernelmode":17130000000,"total_usage":167052521051,"percpu_usage":[0,0,0,0,0,0,0,0,0,0,0,0,0,0,0,0,688280,0,167051829391,0,0,0,0,0,0,0,0,0,0,0,0,0,0,0,0,0,0,0,0,0,0,0,0,0,0,0,0,0,0,0,0,0,0,0,0,0,0,0,0,0,0,0,0,0,0,0,0,0,0,0,0,0,0,0,0,0,0,0,0,0,3380,0,0,0,0,0,0,0,0,0,0,0,0,0,0,0,0,0,0,0,0,0,0,0,0,0,0,0,0,0,0,0,0,0,0,0,0,0,0,0,0,0,0,0,0,0,0,0]}},"read":"2021-01-11T15:30:39.231740776Z"}