################################################################################
# PkgEval set-up: 2021-01-11T15:35:54.056
#

Julia Version 1.5.3
Commit 599f52c4c6 (2020-12-18 13:33 UTC)
Platform Info:
  OS: Linux (x86_64-linux-gnu)
  CPU: AMD EPYC 7502 32-Core Processor
  WORD_SIZE: 64
  LIBM: libopenlibm
  LLVM: libLLVM-9.0.1 (ORCJIT, znver2)
Environment:
  JULIA_PKG_PRECOMPILE_AUTO = 0
  JULIA_PKGEVAL = true

Base.julia_cmd() = `/opt/julia/bin/julia -Cnative -J/opt/julia/lib/julia/sys.so -g1`


################################################################################
# Installation: 2021-01-11T15:35:55.864
#

 Installing known registries into `~/.julia`
#################################################                         68.7%######################################################################## 100.0%
      Added registry `General` to `~/.julia/registries/General`
  Resolving package versions...
  Installed CompilerSupportLibraries_jll ─ v0.3.4+0
  Installed PATHSolver ─────────────────── v0.6.2
  Installed DiffRules ──────────────────── v1.0.2
  Installed MacroTools ─────────────────── v0.5.6
  Installed DiffResults ────────────────── v1.0.3
  Installed URIParser ──────────────────── v0.4.1
  Installed SpecialFunctions ───────────── v1.2.1
  Installed JLLWrappers ────────────────── v1.2.0
  Installed BinDeps ────────────────────── v1.0.2
  Installed NaNMath ────────────────────── v0.3.5
  Installed CommonSubexpressions ───────── v0.3.0
  Installed OpenSpecFun_jll ────────────── v0.5.3+4
  Installed MuladdMacro ────────────────── v0.2.2
  Installed ChainRulesCore ─────────────── v0.9.24
  Installed Artifacts ──────────────────── v1.3.0
  Installed StaticArrays ───────────────── v1.0.1
  Installed ForwardDiff ────────────────── v0.10.14
Updating `~/.julia/environments/v1.5/Project.toml`
  [f5f7c340] + PATHSolver v0.6.2
Updating `~/.julia/environments/v1.5/Manifest.toml`
  [56f22d72] + Artifacts v1.3.0
  [9e28174c] + BinDeps v1.0.2
  [d360d2e6] + ChainRulesCore v0.9.24
  [bbf7d656] + CommonSubexpressions v0.3.0
  [e66e0078] + CompilerSupportLibraries_jll v0.3.4+0
  [163ba53b] + DiffResults v1.0.3
  [b552c78f] + DiffRules v1.0.2
  [f6369f11] + ForwardDiff v0.10.14
  [692b3bcd] + JLLWrappers v1.2.0
  [1914dd2f] + MacroTools v0.5.6
  [46d2c3a1] + MuladdMacro v0.2.2
  [77ba4419] + NaNMath v0.3.5
  [efe28fd5] + OpenSpecFun_jll v0.5.3+4
  [f5f7c340] + PATHSolver v0.6.2
  [276daf66] + SpecialFunctions v1.2.1
  [90137ffa] + StaticArrays v1.0.1
  [30578b45] + URIParser v0.4.1
  [2a0f44e3] + Base64
  [ade2ca70] + Dates
  [8ba89e20] + Distributed
  [b77e0a4c] + InteractiveUtils
  [76f85450] + LibGit2
  [8f399da3] + Libdl
  [37e2e46d] + LinearAlgebra
  [56ddb016] + Logging
  [d6f4376e] + Markdown
  [44cfe95a] + Pkg
  [de0858da] + Printf
  [3fa0cd96] + REPL
  [9a3f8284] + Random
  [ea8e919c] + SHA
  [9e88b42a] + Serialization
  [6462fe0b] + Sockets
  [2f01184e] + SparseArrays
  [10745b16] + Statistics
  [8dfed614] + Test
  [cf7118a7] + UUIDs
  [4ec0a83e] + Unicode
   Building PATHSolver → `~/.julia/packages/PATHSolver/lS0Cz/deps/build.log`
┌ Error: Error building `PATHSolver`: 
│   % Total    % Received % Xferd  Average Speed   Time    Time     Time  Current
│                                  Dload  Upload   Total   Spent    Left  Speed
│   0     0    0     0    0     0      0      0 --:--:-- --:--:-- --:--:--     0  0     0    0     0    0     0      0      0 --:--:-- --:--:-- --:--:--     0100   123  100   123    0     0    984      0 --:--:-- --:--:-- --:--:--   976
│ 100  493k    0  493k    0     0  1318k      0 --:--:-- --:--:-- --:--:-- 1318k
│ if [ ! -d pathlib-4.7.03 ]; \
│ then \
│ 	wget https://github.com/ampl/pathlib/archive/4.7.03.tar.gz; \
│ 	tar -zxvf 4.7.03.tar.gz; \
│ 	rm -rf 4.7.03.tar.gz*; \
│ fi;
│ /bin/sh: 3: wget: not found
│ tar (child): 4.7.03.tar.gz: Cannot open: No such file or directory
│ tar (child): Error is not recoverable: exiting now
│ tar: Child returned status 2
│ tar: Error is not recoverable: exiting now
│ gcc -I./pathlib-4.7.03/include -m64 -shared -fPIC -Wl,-soname,libpath47julia.so -o libpath47julia.so pathjulia.c ./pathlib-4.7.03/lib/linux64/libpath47.a -lm
│ gcc: error: ./pathlib-4.7.03/lib/linux64/libpath47.a: No such file or directory
│ make: *** [Makefile:37: linux64] Error 1
│ [ Info: Attempting to create directory /home/pkgeval/.julia/packages/PATHSolver/lS0Cz/deps/downloads
│ [ Info: Downloading file https://github.com/chkwon/PathJulia/archive/0.1.2.tar.gz
│ [ Info: Done downloading file https://github.com/chkwon/PathJulia/archive/0.1.2.tar.gz
│ [ Info: Attempting to create directory /home/pkgeval/.julia/packages/PATHSolver/lS0Cz/deps/src
│ [ Info: Attempting to create directory /home/pkgeval/.julia/packages/PATHSolver/lS0Cz/deps
│ [ Info: Directory /home/pkgeval/.julia/packages/PATHSolver/lS0Cz/deps already exists
│ [ Info: Attempting to create directory /home/pkgeval/.julia/packages/PATHSolver/lS0Cz/deps/usr/lib
│ [ Info: Changing directory to /home/pkgeval/.julia/packages/PATHSolver/lS0Cz/deps/src/PathJulia-0.1.2/src
│ ERROR: LoadError: failed process: Process(`make linux64`, ProcessExited(2)) [2]
│ 
│ Stacktrace:
│  [1] pipeline_error at ./process.jl:525 [inlined]
│  [2] run(::Cmd; wait::Bool) at ./process.jl:440
│  [3] run(::Cmd) at ./process.jl:438
│  [4] run(::BinDeps.SynchronousStepCollection) at /home/pkgeval/.julia/packages/BinDeps/5xsHU/src/BinDeps.jl:524 (repeats 2 times)
│  [5] satisfy!(::BinDeps.LibraryDependency, ::Array{DataType,1}) at /home/pkgeval/.julia/packages/BinDeps/5xsHU/src/dependencies.jl:951
│  [6] satisfy!(::BinDeps.LibraryDependency) at /home/pkgeval/.julia/packages/BinDeps/5xsHU/src/dependencies.jl:929
│  [7] top-level scope at /home/pkgeval/.julia/packages/BinDeps/5xsHU/src/dependencies.jl:984
│  [8] include(::String) at ./client.jl:457
│  [9] top-level scope at none:5
│ in expression starting at /home/pkgeval/.julia/packages/PATHSolver/lS0Cz/deps/build.jl:96
└ @ Pkg.Operations /workspace/srcdir/usr/share/julia/stdlib/v1.5/Pkg/src/Operations.jl:949


################################################################################
# Testing: 2021-01-11T15:36:08.506
#

    Testing PATHSolver
Status `/tmp/jl_Re4vWT/Project.toml`
  [9e28174c] BinDeps v1.0.2
  [49dc2e85] Calculus v0.5.1
  [f6369f11] ForwardDiff v0.10.14
  [f5f7c340] PATHSolver v0.6.2
  [8f399da3] Libdl
  [37e2e46d] LinearAlgebra
  [9a3f8284] Random
  [2f01184e] SparseArrays
  [8dfed614] Test
Status `/tmp/jl_Re4vWT/Manifest.toml`
  [56f22d72] Artifacts v1.3.0
  [9e28174c] BinDeps v1.0.2
  [49dc2e85] Calculus v0.5.1
  [d360d2e6] ChainRulesCore v0.9.24
  [bbf7d656] CommonSubexpressions v0.3.0
  [e66e0078] CompilerSupportLibraries_jll v0.3.4+0
  [163ba53b] DiffResults v1.0.3
  [b552c78f] DiffRules v1.0.2
  [f6369f11] ForwardDiff v0.10.14
  [692b3bcd] JLLWrappers v1.2.0
  [1914dd2f] MacroTools v0.5.6
  [46d2c3a1] MuladdMacro v0.2.2
  [77ba4419] NaNMath v0.3.5
  [efe28fd5] OpenSpecFun_jll v0.5.3+4
  [f5f7c340] PATHSolver v0.6.2
  [276daf66] SpecialFunctions v1.2.1
  [90137ffa] StaticArrays v1.0.1
  [30578b45] URIParser v0.4.1
  [2a0f44e3] Base64
  [ade2ca70] Dates
  [8ba89e20] Distributed
  [b77e0a4c] InteractiveUtils
  [76f85450] LibGit2
  [8f399da3] Libdl
  [37e2e46d] LinearAlgebra
  [56ddb016] Logging
  [d6f4376e] Markdown
  [44cfe95a] Pkg
  [de0858da] Printf
  [3fa0cd96] REPL
  [9a3f8284] Random
  [ea8e919c] SHA
  [9e88b42a] Serialization
  [6462fe0b] Sockets
  [2f01184e] SparseArrays
  [10745b16] Statistics
  [8dfed614] Test
  [cf7118a7] UUIDs
  [4ec0a83e] Unicode
ERROR: LoadError: PATHSolver not properly installed. Please re-build PATHSolver.
Stacktrace:
 [1] error(::String) at ./error.jl:33
 [2] top-level scope at /home/pkgeval/.julia/packages/PATHSolver/lS0Cz/src/PATHSolver.jl:12
 [3] include(::Function, ::Module, ::String) at ./Base.jl:380
 [4] include(::Module, ::String) at ./Base.jl:368
 [5] top-level scope at none:2
 [6] eval at ./boot.jl:331 [inlined]
 [7] eval(::Expr) at ./client.jl:467
 [8] top-level scope at ./none:3
in expression starting at /home/pkgeval/.julia/packages/PATHSolver/lS0Cz/src/PATHSolver.jl:9
ERROR: LoadError: Failed to precompile PATHSolver [f5f7c340-0bb3-5c69-969a-41884d311d1b] to /home/pkgeval/.julia/compiled/v1.5/PATHSolver/xyGrF_TomMj.ji.
Stacktrace:
 [1] error(::String) at ./error.jl:33
 [2] compilecache(::Base.PkgId, ::String) at ./loading.jl:1305
 [3] _require(::Base.PkgId) at ./loading.jl:1030
 [4] require(::Base.PkgId) at ./loading.jl:928
 [5] require(::Module, ::Symbol) at ./loading.jl:923
 [6] include(::String) at ./client.jl:457
 [7] top-level scope at none:6
in expression starting at /home/pkgeval/.julia/packages/PATHSolver/lS0Cz/test/runtests.jl:1

PkgEval failed: Package PATHSolver errored during testing
Stacktrace:
 [1] pkgerror(::String) at /workspace/srcdir/usr/share/julia/stdlib/v1.5/Pkg/src/Types.jl:52
 [2] test(::Pkg.Types.Context, ::Array{Pkg.Types.PackageSpec,1}; coverage::Bool, julia_args::Cmd, test_args::Cmd, test_fn::Nothing) at /workspace/srcdir/usr/share/julia/stdlib/v1.5/Pkg/src/Operations.jl:1578
 [3] test(::Pkg.Types.Context, ::Array{Pkg.Types.PackageSpec,1}; coverage::Bool, test_fn::Nothing, julia_args::Cmd, test_args::Cmd, kwargs::Base.Iterators.Pairs{Union{},Union{},Tuple{},NamedTuple{(),Tuple{}}}) at /workspace/srcdir/usr/share/julia/stdlib/v1.5/Pkg/src/API.jl:327
 [4] test(::Pkg.Types.Context, ::Array{Pkg.Types.PackageSpec,1}) at /workspace/srcdir/usr/share/julia/stdlib/v1.5/Pkg/src/API.jl:314
 [5] #test#61 at /workspace/srcdir/usr/share/julia/stdlib/v1.5/Pkg/src/API.jl:67 [inlined]
 [6] test at /workspace/srcdir/usr/share/julia/stdlib/v1.5/Pkg/src/API.jl:67 [inlined]
 [7] #test#60 at /workspace/srcdir/usr/share/julia/stdlib/v1.5/Pkg/src/API.jl:66 [inlined]
 [8] test at /workspace/srcdir/usr/share/julia/stdlib/v1.5/Pkg/src/API.jl:66 [inlined]
 [9] test(::String; kwargs::Base.Iterators.Pairs{Union{},Union{},Tuple{},NamedTuple{(),Tuple{}}}) at /workspace/srcdir/usr/share/julia/stdlib/v1.5/Pkg/src/API.jl:65
 [10] test(::String) at /workspace/srcdir/usr/share/julia/stdlib/v1.5/Pkg/src/API.jl:65
 [11] top-level scope at none:22
 [12] eval at ./boot.jl:331 [inlined]
 [13] eval(::Expr) at ./client.jl:467
 [14] top-level scope at none:1
 [15] eval(::Module, ::Any) at ./boot.jl:331
 [16] exec_options(::Base.JLOptions) at ./client.jl:272
 [17] _start() at ./client.jl:506


################################################################################
# PkgEval teardown: 2021-01-11T15:36:48.565
CPU usage: 54.19s (49.47s user, 4.82s kernel)

Network usage:
- eth0: 3.792 MiB received, 116.354 KiB sent

Raw statistics: {"blkio_stats":{"io_queue_recursive":[],"io_serviced_recursive":[{"major":259,"value":0,"op":"Read","minor":0},{"major":259,"value":28,"op":"Write","minor":0},{"major":259,"value":19,"op":"Sync","minor":0},{"major":259,"value":9,"op":"Async","minor":0},{"major":259,"value":0,"op":"Discard","minor":0},{"major":259,"value":28,"op":"Total","minor":0},{"major":253,"value":0,"op":"Read","minor":2},{"major":253,"value":28,"op":"Write","minor":2},{"major":253,"value":19,"op":"Sync","minor":2},{"major":253,"value":9,"op":"Async","minor":2},{"major":253,"value":0,"op":"Discard","minor":2},{"major":253,"value":28,"op":"Total","minor":2}],"io_time_recursive":[],"sectors_recursive":[],"io_service_bytes_recursive":[{"major":259,"value":0,"op":"Read","minor":0},{"major":259,"value":159744,"op":"Write","minor":0},{"major":259,"value":106496,"op":"Sync","minor":0},{"major":259,"value":53248,"op":"Async","minor":0},{"major":259,"value":0,"op":"Discard","minor":0},{"major":259,"value":159744,"op":"Total","minor":0},{"major":253,"value":0,"op":"Read","minor":2},{"major":253,"value":159744,"op":"Write","minor":2},{"major":253,"value":106496,"op":"Sync","minor":2},{"major":253,"value":53248,"op":"Async","minor":2},{"major":253,"value":0,"op":"Discard","minor":2},{"major":253,"value":159744,"op":"Total","minor":2}],"io_wait_time_recursive":[],"io_merged_recursive":[],"io_service_time_recursive":[]},"memory_stats":{"usage":344444928,"max_usage":1431470080,"stats":{"hierarchical_memory_limit":9223372036854771712,"pgmajfault":0,"total_rss":200806400,"inactive_file":135168,"inactive_anon":82046976,"total_pgfault":1627626,"total_cache":110465024,"total_rss_huge":0,"total_active_anon":208699392,"total_pgmajfault":0,"pgpgin":1114179,"rss_huge":0,"mapped_file":0,"total_inactive_file":135168,"dirty":135168,"total_unevictable":0,"total_dirty":135168,"writeback":0,"pgpgout":1038185,"hierarchical_memsw_limit":0,"cache":110465024,"active_file":20545536,"pgfault":1627626,"total_mapped_file":0,"total_pgpgout":1038185,"total_writeback":0,"rss":200806400,"unevictable":0,"total_inactive_anon":82046976,"total_pgpgin":1114179,"active_anon":208699392,"total_active_file":20545536},"limit":540965302272},"name":"/PATHSolver-sgZVyawG","networks":{"eth0":{"rx_bytes":3976121,"rx_packets":997,"tx_packets":1018,"tx_bytes":119147,"tx_dropped":0,"rx_dropped":2,"tx_errors":0,"rx_errors":0}},"id":"5091b65aab38a8454941974f64919202b63e0fe4dc882f58d91a0cfaa5858031","preread":"0001-01-01T00:00:00Z","storage_stats":{},"precpu_stats":{"throttling_data":{"throttled_periods":0,"throttled_time":0,"periods":0},"cpu_usage":{"usage_in_usermode":0,"usage_in_kernelmode":0,"total_usage":0}},"pids_stats":{"current":40},"num_procs":0,"cpu_stats":{"throttling_data":{"throttled_periods":0,"throttled_time":0,"periods":0},"system_cpu_usage":3261107144522419,"online_cpus":128,"cpu_usage":{"usage_in_usermode":49470000000,"usage_in_kernelmode":4820000000,"total_usage":54194991712,"percpu_usage":[0,0,0,0,0,0,0,0,0,0,0,0,0,0,0,0,0,0,0,0,0,54191744791,0,0,0,0,0,0,0,0,0,0,0,0,0,0,0,0,0,0,0,0,0,0,0,0,0,0,0,0,0,0,0,0,0,0,0,0,0,0,0,0,0,0,0,0,0,0,0,0,0,0,0,0,0,0,0,0,0,0,0,0,0,0,0,2967041,0,279880,0,0,0,0,0,0,0,0,0,0,0,0,0,0,0,0,0,0,0,0,0,0,0,0,0,0,0,0,0,0,0,0,0,0,0,0,0,0,0,0]}},"read":"2021-01-11T15:36:48.86702158Z"}