################################################################################
# PackageCompiler set-up: 2021-01-11T22:50:17.211
#

Julia Version 1.5.3
Commit 599f52c4c6 (2020-12-18 13:33 UTC)
Platform Info:
  OS: Linux (x86_64-linux-gnu)
  CPU: AMD EPYC 7502 32-Core Processor
  WORD_SIZE: 64
  LIBM: libopenlibm
  LLVM: libLLVM-9.0.1 (ORCJIT, znver2)
Environment:
  JULIA_PKGEVAL = true
  JULIA_PKG_PRECOMPILE_AUTO = 0



################################################################################
# Installation: 2021-01-11T22:50:18.935
#

 Installing known registries into `~/.julia`
########                                                                  11.3%######################################################################## 100.0%
      Added registry `General` to `~/.julia/registries/General`
  Resolving package versions...
  Installed CompilerSupportLibraries_jll ─ v0.3.4+0
  Installed PATHSolver ─────────────────── v0.6.2
  Installed DiffRules ──────────────────── v1.0.2
  Installed MacroTools ─────────────────── v0.5.6
  Installed DiffResults ────────────────── v1.0.3
  Installed URIParser ──────────────────── v0.4.1
  Installed JLLWrappers ────────────────── v1.2.0
  Installed NaNMath ────────────────────── v0.3.5
  Installed SpecialFunctions ───────────── v1.2.1
  Installed BinDeps ────────────────────── v1.0.2
  Installed OpenSpecFun_jll ────────────── v0.5.3+4
  Installed PackageCompiler ────────────── v1.2.5
  Installed MuladdMacro ────────────────── v0.2.2
  Installed CommonSubexpressions ───────── v0.3.0
  Installed ChainRulesCore ─────────────── v0.9.24
  Installed StaticArrays ───────────────── v1.0.1
  Installed ForwardDiff ────────────────── v0.10.14
  Installed Artifacts ──────────────────── v1.3.0
Updating `~/.julia/environments/v1.5/Project.toml`
  [f5f7c340] + PATHSolver v0.6.2
  [9b87118b] + PackageCompiler v1.2.5
Updating `~/.julia/environments/v1.5/Manifest.toml`
  [56f22d72] + Artifacts v1.3.0
  [9e28174c] + BinDeps v1.0.2
  [d360d2e6] + ChainRulesCore v0.9.24
  [bbf7d656] + CommonSubexpressions v0.3.0
  [e66e0078] + CompilerSupportLibraries_jll v0.3.4+0
  [163ba53b] + DiffResults v1.0.3
  [b552c78f] + DiffRules v1.0.2
  [f6369f11] + ForwardDiff v0.10.14
  [692b3bcd] + JLLWrappers v1.2.0
  [1914dd2f] + MacroTools v0.5.6
  [46d2c3a1] + MuladdMacro v0.2.2
  [77ba4419] + NaNMath v0.3.5
  [efe28fd5] + OpenSpecFun_jll v0.5.3+4
  [f5f7c340] + PATHSolver v0.6.2
  [9b87118b] + PackageCompiler v1.2.5
  [276daf66] + SpecialFunctions v1.2.1
  [90137ffa] + StaticArrays v1.0.1
  [30578b45] + URIParser v0.4.1
  [2a0f44e3] + Base64
  [ade2ca70] + Dates
  [8ba89e20] + Distributed
  [b77e0a4c] + InteractiveUtils
  [76f85450] + LibGit2
  [8f399da3] + Libdl
  [37e2e46d] + LinearAlgebra
  [56ddb016] + Logging
  [d6f4376e] + Markdown
  [44cfe95a] + Pkg
  [de0858da] + Printf
  [3fa0cd96] + REPL
  [9a3f8284] + Random
  [ea8e919c] + SHA
  [9e88b42a] + Serialization
  [6462fe0b] + Sockets
  [2f01184e] + SparseArrays
  [10745b16] + Statistics
  [8dfed614] + Test
  [cf7118a7] + UUIDs
  [4ec0a83e] + Unicode
   Building PATHSolver → `~/.julia/packages/PATHSolver/lS0Cz/deps/build.log`
┌ Error: Error building `PATHSolver`: 
│   % Total    % Received % Xferd  Average Speed   Time    Time     Time  Current
│                                  Dload  Upload   Total   Spent    Left  Speed
│   0     0    0     0    0     0      0      0 --:--:-- --:--:-- --:--:--     0100   123  100   123    0     0    798      0 --:--:-- --:--:-- --:--:--   803
│ 100   619    0   619    0     0   1922      0 --:--:-- --:--:-- --:--:--  1922100  493k    0  493k    0     0  1146k      0 --:--:-- --:--:-- --:--:-- 4602k
│ if [ ! -d pathlib-4.7.03 ]; \
│ then \
│ 	wget https://github.com/ampl/pathlib/archive/4.7.03.tar.gz; \
│ 	tar -zxvf 4.7.03.tar.gz; \
│ 	rm -rf 4.7.03.tar.gz*; \
│ fi;
│ /bin/sh: 3: wget: not found
│ tar (child): 4.7.03.tar.gz: Cannot open: No such file or directory
│ tar (child): Error is not recoverable: exiting now
│ tar: Child returned status 2
│ tar: Error is not recoverable: exiting now
│ gcc -I./pathlib-4.7.03/include -m64 -shared -fPIC -Wl,-soname,libpath47julia.so -o libpath47julia.so pathjulia.c ./pathlib-4.7.03/lib/linux64/libpath47.a -lm
│ gcc: error: ./pathlib-4.7.03/lib/linux64/libpath47.a: No such file or directory
│ make: *** [Makefile:37: linux64] Error 1
│ [ Info: Attempting to create directory /home/pkgeval/.julia/packages/PATHSolver/lS0Cz/deps/downloads
│ [ Info: Downloading file https://github.com/chkwon/PathJulia/archive/0.1.2.tar.gz
│ [ Info: Done downloading file https://github.com/chkwon/PathJulia/archive/0.1.2.tar.gz
│ [ Info: Attempting to create directory /home/pkgeval/.julia/packages/PATHSolver/lS0Cz/deps/src
│ [ Info: Attempting to create directory /home/pkgeval/.julia/packages/PATHSolver/lS0Cz/deps
│ [ Info: Directory /home/pkgeval/.julia/packages/PATHSolver/lS0Cz/deps already exists
│ [ Info: Attempting to create directory /home/pkgeval/.julia/packages/PATHSolver/lS0Cz/deps/usr/lib
│ [ Info: Changing directory to /home/pkgeval/.julia/packages/PATHSolver/lS0Cz/deps/src/PathJulia-0.1.2/src
│ ERROR: LoadError: failed process: Process(`make linux64`, ProcessExited(2)) [2]
│ 
│ Stacktrace:
│  [1] pipeline_error at ./process.jl:525 [inlined]
│  [2] run(::Cmd; wait::Bool) at ./process.jl:440
│  [3] run(::Cmd) at ./process.jl:438
│  [4] run(::BinDeps.SynchronousStepCollection) at /home/pkgeval/.julia/packages/BinDeps/5xsHU/src/BinDeps.jl:524 (repeats 2 times)
│  [5] satisfy!(::BinDeps.LibraryDependency, ::Array{DataType,1}) at /home/pkgeval/.julia/packages/BinDeps/5xsHU/src/dependencies.jl:951
│  [6] satisfy!(::BinDeps.LibraryDependency) at /home/pkgeval/.julia/packages/BinDeps/5xsHU/src/dependencies.jl:929
│  [7] top-level scope at /home/pkgeval/.julia/packages/BinDeps/5xsHU/src/dependencies.jl:984
│  [8] include(::String) at ./client.jl:457
│  [9] top-level scope at none:5
│ in expression starting at /home/pkgeval/.julia/packages/PATHSolver/lS0Cz/deps/build.jl:96
└ @ Pkg.Operations /workspace/srcdir/usr/share/julia/stdlib/v1.5/Pkg/src/Operations.jl:949


################################################################################
# Compiling: 2021-01-11T22:50:32.441
#

ERROR: LoadError: PATHSolver not properly installed. Please re-build PATHSolver.
Stacktrace:
 [1] error(::String) at ./error.jl:33
 [2] top-level scope at /home/pkgeval/.julia/packages/PATHSolver/lS0Cz/src/PATHSolver.jl:12
 [3] include(::Function, ::Module, ::String) at ./Base.jl:380
 [4] include(::Module, ::String) at ./Base.jl:368
 [5] top-level scope at none:2
 [6] eval at ./boot.jl:331 [inlined]
 [7] eval(::Expr) at ./client.jl:467
 [8] top-level scope at ./none:3
in expression starting at /home/pkgeval/.julia/packages/PATHSolver/lS0Cz/src/PATHSolver.jl:9
ERROR: Failed to precompile PATHSolver [f5f7c340-0bb3-5c69-969a-41884d311d1b] to /home/pkgeval/.julia/compiled/v1.5/PATHSolver/xyGrF_MqueV.ji.
Stacktrace:
 [1] error(::String) at ./error.jl:33
 [2] compilecache(::Base.PkgId, ::String) at ./loading.jl:1305
 [3] _require(::Base.PkgId) at ./loading.jl:1030
 [4] require(::Base.PkgId) at ./loading.jl:928
 [5] require(::Module, ::Symbol) at ./loading.jl:923
ERROR: failed process: Process(`/opt/julia/bin/julia --color=yes --startup-file=no --sysimage=/opt/julia/lib/julia/sys.so --project=/home/pkgeval/.julia/environments/v1.5 -e 'import PATHSolver'`, ProcessExited(1)) [1]

Stacktrace:
 [1] pipeline_error at ./process.jl:525 [inlined]
 [2] read(::Cmd) at ./process.jl:412
 [3] read(::Cmd, ::Type{String}) at ./process.jl:421
 [4] do_ensurecompiled(::String, ::Array{String,1}, ::String) at /home/pkgeval/.julia/packages/PackageCompiler/3BsME/src/PackageCompiler.jl:195
 [5] create_sysimg_object_file(::String, ::Array{String,1}; project::String, base_sysimage::String, precompile_execution_file::Array{String,1}, precompile_statements_file::Array{String,1}, cpu_target::String, script::Nothing, isapp::Bool) at /home/pkgeval/.julia/packages/PackageCompiler/3BsME/src/PackageCompiler.jl:260
 [6] create_sysimage(::Symbol; sysimage_path::String, project::String, precompile_execution_file::Array{String,1}, precompile_statements_file::Array{String,1}, incremental::Bool, filter_stdlibs::Bool, replace_default::Bool, cpu_target::String, script::Nothing, base_sysimage::Nothing, isapp::Bool) at /home/pkgeval/.julia/packages/PackageCompiler/3BsME/src/PackageCompiler.jl:442
 [7] top-level scope at ./timing.jl:233

